============================= test session starts ==============================
platform linux -- Python 3.11.15, pytest-8.3.1, pluggy-1.6.0
rootdir: /app
plugins: anyio-4.12.1, asyncio-0.23.7, Faker-26.0.0, cov-5.0.0
asyncio: mode=Mode.STRICT
collected 66 items

tests/unit/test_api.py ..F....FF.F                                       [ 16%]
tests/unit/test_cac_engine.py ...........                                [ 33%]
tests/unit/test_connectors.py sss                                        [ 37%]
tests/unit/test_core.py .....                                            [ 45%]
tests/unit/test_crypto.py ......                                         [ 54%]
tests/unit/test_database.py ...                                          [ 59%]
tests/unit/test_logger.py ..                                             [ 62%]
tests/unit/test_main.py ....                                             [ 68%]
tests/unit/test_ml.py ...                                                [ 72%]
tests/unit/test_models.py .....                                          [ 80%]
tests/unit/test_schemas.py .............                                 [100%]

=================================== FAILURES ===================================
__________________________ test_create_cloud_account ___________________________

    def test_create_cloud_account():
        response = client.post("/api/v1/cloud-accounts/", json={
            "name": "Prod", "provider": "aws", "account_id": "123", "region": "us-east-1"
        })
>       assert response.status_code == 201
E       assert 500 == 201
E        +  where 500 = <Response [500 Internal Server Error]>.status_code

tests/unit/test_api.py:63: AssertionError
----------------------------- Captured stdout call -----------------------------
2026-03-18 07:26:49 [info     ] Request received               client_ip=testclient method=POST path=/api/v1/cloud-accounts/ request_id=
2026-03-18 07:26:49 [info     ] Cloud account registered       account_id=1 provider=aws
2026-03-18 07:26:49 [error    ] Unhandled exception            path=/api/v1/cloud-accounts/
[31m╭─[0m[31m──────────────────────────────[0m[31m [0m[1;31mTraceback [0m[1;2;31m(most recent call last)[0m[31m [0m[31m───────────────────────────────[0m[31m─╮[0m
[31m│[0m [2m/install/lib/python3.11/site-packages/starlette/[0m[1m_utils.py[0m:87 in collapse_excgroups               [31m│[0m
[31m│[0m                                                                                                  [31m│[0m
[31m│[0m   [2m 84 [0m[1;95m@contextmanager[0m                                                                            [31m│[0m
[31m│[0m   [2m 85 [0m[94mdef[0m[90m [0m[92mcollapse_excgroups[0m() -> typing.Generator[[94mNone[0m, [94mNone[0m, [94mNone[0m]:                            [31m│[0m
[31m│[0m   [2m 86 [0m[2m│   [0m[94mtry[0m:                                                                                   [31m│[0m
[31m│[0m [31m❱ [0m 87 [2m│   │   [0m[94myield[0m                                                                              [31m│[0m
[31m│[0m   [2m 88 [0m[2m│   [0m[94mexcept[0m [96mBaseException[0m [94mas[0m exc:                                                           [31m│[0m
[31m│[0m   [2m 89 [0m[2m│   │   [0m[94mif[0m has_exceptiongroups:                                                            [31m│[0m
[31m│[0m   [2m 90 [0m[2m│   │   │   [0m[94mwhile[0m [96misinstance[0m(exc, BaseExceptionGroup) [95mand[0m [96mlen[0m(exc.exceptions) == [94m1[0m:        [31m│[0m
[31m│[0m                                                                                                  [31m│[0m
[31m│[0m [2m/install/lib/python3.11/site-packages/starlette/middleware/[0m[1mbase.py[0m:190 in __call__               [31m│[0m
[31m│[0m                                                                                                  [31m│[0m
[31m│[0m   [2m187 [0m[2m│   │   │   [0m[94mreturn[0m response                                                                [31m│[0m
[31m│[0m   [2m188 [0m[2m│   │   [0m                                                                                   [31m│[0m
[31m│[0m   [2m189 [0m[2m│   │   [0m[1;4;94mwith[0m[1;4m collapse_excgroups():[0m                                                         [31m│[0m
[31m│[0m [31m❱ [0m190 [2m│   │   │   [0m[1;4;94masync[0m[1;4m [0m[1;4;94mwith[0m[1;4m anyio.create_task_group() [0m[1;4;94mas[0m[1;4m task_group:[0m                            [31m│[0m
[31m│[0m   [2m191 [0m[2m│   │   │   │   [0m[1;4mresponse = [0m[1;4;94mawait[0m[1;4m [0m[1;4;96mself[0m[1;4m.dispatch_func(request, call_next)[0m                    [31m│[0m
[31m│[0m   [2m192 [0m[2m│   │   │   │   [0m[1;4;94mawait[0m[1;4m response(scope, wrapped_receive, send)[0m                               [31m│[0m
[31m│[0m   [2m193 [0m[2m│   │   │   │   [0m[1;4mresponse_sent.set()[0m                                                        [31m│[0m
[31m│[0m                                                                                                  [31m│[0m
[31m│[0m [34m╭─[0m[34m──────────────────────────────────────────[0m[34m locals [0m[34m──────────────────────────────────────────[0m[34m─╮[0m [31m│[0m
[31m│[0m [34m│[0m         [3;33mrequest[0m[31m =[0m [1m<[0m[1;95mstarlette.middleware.base._CachedRequest[0m[39m object at [0m[1;36m0x70dcd38ee590[0m[1m>[0m        [34m│[0m [31m│[0m
[31m│[0m [34m│[0m   [3;33mresponse_sent[0m[31m =[0m [1m<[0m[1;95manyio._backends._asyncio.Event[0m[39m object at [0m[1;36m0x70dcd38ee390[0m[1m>[0m                  [34m│[0m [31m│[0m
[31m│[0m [34m│[0m           [3;33mscope[0m[31m =[0m [1m{[0m                                                                          [34m│[0m [31m│[0m
[31m│[0m [34m│[0m                   [2;32m│   [0m[32m'type'[0m: [32m'http'[0m,                                                        [34m│[0m [31m│[0m
[31m│[0m [34m│[0m                   [2;32m│   [0m[32m'http_version'[0m: [32m'1.1'[0m,                                                 [34m│[0m [31m│[0m
[31m│[0m [34m│[0m                   [2;32m│   [0m[32m'method'[0m: [32m'POST'[0m,                                                      [34m│[0m [31m│[0m
[31m│[0m [34m│[0m                   [2;32m│   [0m[32m'path'[0m: [32m'/api/v1/cloud-accounts/'[0m,                                     [34m│[0m [31m│[0m
[31m│[0m [34m│[0m                   [2;32m│   [0m[32m'raw_path'[0m: [32mb'/api/v1/cloud-accounts/'[0m,                                [34m│[0m [31m│[0m
[31m│[0m [34m│[0m                   [2;32m│   [0m[32m'root_path'[0m: [32m''[0m,                                                       [34m│[0m [31m│[0m
[31m│[0m [34m│[0m                   [2;32m│   [0m[32m'scheme'[0m: [32m'http'[0m,                                                      [34m│[0m [31m│[0m
[31m│[0m [34m│[0m                   [2;32m│   [0m[32m'query_string'[0m: [32mb''[0m,                                                   [34m│[0m [31m│[0m
[31m│[0m [34m│[0m                   [2;32m│   [0m[32m'headers'[0m: [1m[[0m                                                           [34m│[0m [31m│[0m
[31m│[0m [34m│[0m                   [2;32m│   │   [0m[1m([0m[32mb'host'[0m, [32mb'testserver'[0m[1m)[0m,                                          [34m│[0m [31m│[0m
[31m│[0m [34m│[0m                   [2;32m│   │   [0m[1m([0m[32mb'accept'[0m, [32mb'*/*'[0m[1m)[0m,                                               [34m│[0m [31m│[0m
[31m│[0m [34m│[0m                   [2;32m│   │   [0m[1m([0m[32mb'accept-encoding'[0m, [32mb'gzip, deflate'[0m[1m)[0m,                            [34m│[0m [31m│[0m
[31m│[0m [34m│[0m                   [2;32m│   │   [0m[1m([0m[32mb'connection'[0m, [32mb'keep-alive'[0m[1m)[0m,                                    [34m│[0m [31m│[0m
[31m│[0m [34m│[0m                   [2;32m│   │   [0m[1m([0m[32mb'user-agent'[0m, [32mb'testclient'[0m[1m)[0m,                                    [34m│[0m [31m│[0m
[31m│[0m [34m│[0m                   [2;32m│   │   [0m[1m([0m[32mb'content-length'[0m, [32mb'79'[0m[1m)[0m,                                        [34m│[0m [31m│[0m
[31m│[0m [34m│[0m                   [2;32m│   │   [0m[1m([0m[32mb'content-type'[0m, [32mb'application/json'[0m[1m)[0m                             [34m│[0m [31m│[0m
[31m│[0m [34m│[0m                   [2;32m│   [0m[1m][0m,                                                                     [34m│[0m [31m│[0m
[31m│[0m [34m│[0m                   [2;32m│   [0m[32m'client'[0m: [1m[[0m[32m'testclient'[0m, [1;36m50000[0m[1m][0m,                                       [34m│[0m [31m│[0m
[31m│[0m [34m│[0m                   [2;32m│   [0m[33m...[0m +[1;36m9[0m                                                                 [34m│[0m [31m│[0m
[31m│[0m [34m│[0m                   [1m}[0m                                                                          [34m│[0m [31m│[0m
[31m│[0m [34m│[0m            [3;33mself[0m[31m =[0m [1m<[0m[1;95mstarlette.middleware.base.BaseHTTPMiddleware[0m[39m object at [0m[1;36m0x70dcd39d0810[0m[1m>[0m    [34m│[0m [31m│[0m
[31m│[0m [34m│[0m      [3;33mtask_group[0m[31m =[0m [1m<[0m[1;95manyio._backends._asyncio.TaskGroup[0m[39m object at [0m[1;36m0x70dcd38ee210[0m[1m>[0m              [34m│[0m [31m│[0m
[31m│[0m [34m│[0m [3;33mwrapped_receive[0m[31m =[0m [1m<[0m[1;95mbound[0m[39m method _CachedRequest.wrapped_receive of [0m                           [34m│[0m [31m│[0m
[31m│[0m [34m│[0m                   [39m<starlette.middleware.base._CachedRequest object at [0m[1;36m0x70dcd38ee590[0m[39m>[0m[1m>[0m       [34m│[0m [31m│[0m
[31m│[0m [34m╰──────────────────────────────────────────────────────────────────────────────────────────────╯[0m [31m│[0m
[31m│[0m                                                                                                  [31m│[0m
[31m│[0m [2m/install/lib/python3.11/site-packages/anyio/_backends/[0m[1m_asyncio.py[0m:783 in __aexit__               [31m│[0m
[31m│[0m                                                                                                  [31m│[0m
[31m│[0m   [2m 780 [0m[2m│   │   │   │   │   [0m[2m# added to self._exceptions so it's ok to break exception[0m             [31m│[0m
[31m│[0m   [2m 781 [0m[2m│   │   │   │   │   [0m[2m# chaining and avoid adding a "During handling of above..."[0m           [31m│[0m
[31m│[0m   [2m 782 [0m[2m│   │   │   │   │   [0m[2m# for each nesting level.[0m                                             [31m│[0m
[31m│[0m [31m❱ [0m 783 [2m│   │   │   │   │   [0m[94mraise[0m BaseExceptionGroup(                                             [31m│[0m
[31m│[0m   [2m 784 [0m[2m│   │   │   │   │   │   [0m[33m"[0m[33munhandled errors in a TaskGroup[0m[33m"[0m, [96mself[0m._exceptions               [31m│[0m
[31m│[0m   [2m 785 [0m[2m│   │   │   │   │   [0m) [94mfrom[0m[90m [0m[94mNone[0m                                                           [31m│[0m
[31m│[0m   [2m 786 [0m[2m│   │   │   │   [0m[94melif[0m exc_val:                                                             [31m│[0m
[31m│[0m                                                                                                  [31m│[0m
[31m│[0m [34m╭─[0m[34m──────────────────────────────────[0m[34m locals [0m[34m──────────────────────────────────[0m[34m─╮[0m                 [31m│[0m
[31m│[0m [34m│[0m       [3;33mloop[0m[31m =[0m [1m<[0m[1;95m_UnixSelectorEventLoop[0m[39m [0m[33mrunning[0m[39m=[0m[3;92mTrue[0m[39m [0m[33mclosed[0m[39m=[0m[3;91mFalse[0m[39m [0m[33mdebug[0m[39m=[0m[3;91mFalse[0m[1m>[0m  [34m│[0m                 [31m│[0m
[31m│[0m [34m│[0m       [3;33mself[0m[31m =[0m [1m<[0m[1;95manyio._backends._asyncio.TaskGroup[0m[39m object at [0m[1;36m0x70dcd38ee210[0m[1m>[0m   [34m│[0m                 [31m│[0m
[31m│[0m [34m│[0m [3;33mwait_scope[0m[31m =[0m [1m<[0m[1;95manyio._backends._asyncio.CancelScope[0m[39m object at [0m[1;36m0x70dcd3965410[0m[1m>[0m [34m│[0m                 [31m│[0m
[31m│[0m [34m╰──────────────────────────────────────────────────────────────────────────────╯[0m                 [31m│[0m
[31m╰──────────────────────────────────────────────────────────────────────────────────────────────────╯[0m
[1;91mExceptionGroup: [0munhandled errors in a TaskGroup [1m([0m[1;36m1[0m sub-exception[1m)[0m

[35m╭─[0m[35m───────────────────────────────────────[0m[35m Sub-exception #1 [0m[35m───────────────────────────────────────[0m[35m─╮[0m
[35m│[0m [31m╭─[0m[31m────────────────────────────[0m[31m [0m[1;31mTraceback [0m[1;2;31m(most recent call last)[0m[31m [0m[31m─────────────────────────────[0m[31m─╮[0m [35m│[0m
[35m│[0m [31m│[0m [2m/install/lib/python3.11/site-packages/starlette/middleware/[0m[1merrors.py[0m:164 in __call__         [31m│[0m [35m│[0m
[35m│[0m [31m│[0m                                                                                              [31m│[0m [35m│[0m
[35m│[0m [31m│[0m   [2m161 [0m[2m│   │   │   [0m[94mawait[0m send(message)                                                        [31m│[0m [35m│[0m
[35m│[0m [31m│[0m   [2m162 [0m[2m│   │   [0m                                                                               [31m│[0m [35m│[0m
[35m│[0m [31m│[0m   [2m163 [0m[2m│   │   [0m[94mtry[0m:                                                                           [31m│[0m [35m│[0m
[35m│[0m [31m│[0m [31m❱ [0m164 [2m│   │   │   [0m[94mawait[0m [96mself[0m.app(scope, receive, _send)                                      [31m│[0m [35m│[0m
[35m│[0m [31m│[0m   [2m165 [0m[2m│   │   [0m[94mexcept[0m [96mException[0m [94mas[0m exc:                                                       [31m│[0m [35m│[0m
[35m│[0m [31m│[0m   [2m166 [0m[2m│   │   │   [0mrequest = Request(scope)                                                   [31m│[0m [35m│[0m
[35m│[0m [31m│[0m   [2m167 [0m[2m│   │   │   [0m[94mif[0m [96mself[0m.debug:                                                             [31m│[0m [35m│[0m
[35m│[0m [31m│[0m                                                                                              [31m│[0m [35m│[0m
[35m│[0m [31m│[0m [34m╭─[0m[34m────────────────────────────────────────[0m[34m locals [0m[34m────────────────────────────────────────[0m[34m─╮[0m [31m│[0m [35m│[0m
[35m│[0m [31m│[0m [34m│[0m              [3;33mexc[0m[31m =[0m [1;36m1[0m validation error for CloudAccountResponse                           [34m│[0m [31m│[0m [35m│[0m
[35m│[0m [31m│[0m [34m│[0m                    is_active                                                             [34m│[0m [31m│[0m [35m│[0m
[35m│[0m [31m│[0m [34m│[0m                    [2;32m  [0mInput should be a valid boolean [1m[[0m[33mtype[0m=[35mbool_type[0m, [33minput_value[0m=[3;35mNone[0m,  [34m│[0m [31m│[0m [35m│[0m
[35m│[0m [31m│[0m [34m│[0m                    [33minput_type[0m=[35mNoneType[0m[1m][0m                                                  [34m│[0m [31m│[0m [35m│[0m
[35m│[0m [31m│[0m [34m│[0m                    [2;32m│   [0mFor further information visit                                     [34m│[0m [31m│[0m [35m│[0m
[35m│[0m [31m│[0m [34m│[0m                    [4;94mhttps://errors.pydantic.dev/2.8/v/bool_type[0m                           [34m│[0m [31m│[0m [35m│[0m
[35m│[0m [31m│[0m [34m│[0m          [3;33mrequest[0m[31m =[0m [1m<[0m[1;95mstarlette.requests.Request[0m[39m object at [0m[1;36m0x70dcd3965e10[0m[1m>[0m                 [34m│[0m [31m│[0m [35m│[0m
[35m│[0m [31m│[0m [34m│[0m [3;33mresponse_started[0m[31m =[0m [3;91mFalse[0m                                                                 [34m│[0m [31m│[0m [35m│[0m
[35m│[0m [31m│[0m [34m│[0m            [3;33mscope[0m[31m =[0m [1m{[0m                                                                     [34m│[0m [31m│[0m [35m│[0m
[35m│[0m [31m│[0m [34m│[0m                    [2;32m│   [0m[32m'type'[0m: [32m'http'[0m,                                                   [34m│[0m [31m│[0m [35m│[0m
[35m│[0m [31m│[0m [34m│[0m                    [2;32m│   [0m[32m'http_version'[0m: [32m'1.1'[0m,                                            [34m│[0m [31m│[0m [35m│[0m
[35m│[0m [31m│[0m [34m│[0m                    [2;32m│   [0m[32m'method'[0m: [32m'POST'[0m,                                                 [34m│[0m [31m│[0m [35m│[0m
[35m│[0m [31m│[0m [34m│[0m                    [2;32m│   [0m[32m'path'[0m: [32m'/api/v1/cloud-accounts/'[0m,                                [34m│[0m [31m│[0m [35m│[0m
[35m│[0m [31m│[0m [34m│[0m                    [2;32m│   [0m[32m'raw_path'[0m: [32mb'/api/v1/cloud-accounts/'[0m,                           [34m│[0m [31m│[0m [35m│[0m
[35m│[0m [31m│[0m [34m│[0m                    [2;32m│   [0m[32m'root_path'[0m: [32m''[0m,                                                  [34m│[0m [31m│[0m [35m│[0m
[35m│[0m [31m│[0m [34m│[0m                    [2;32m│   [0m[32m'scheme'[0m: [32m'http'[0m,                                                 [34m│[0m [31m│[0m [35m│[0m
[35m│[0m [31m│[0m [34m│[0m                    [2;32m│   [0m[32m'query_string'[0m: [32mb''[0m,                                              [34m│[0m [31m│[0m [35m│[0m
[35m│[0m [31m│[0m [34m│[0m                    [2;32m│   [0m[32m'headers'[0m: [1m[[0m                                                      [34m│[0m [31m│[0m [35m│[0m
[35m│[0m [31m│[0m [34m│[0m                    [2;32m│   │   [0m[1m([0m[32mb'host'[0m, [32mb'testserver'[0m[1m)[0m,                                     [34m│[0m [31m│[0m [35m│[0m
[35m│[0m [31m│[0m [34m│[0m                    [2;32m│   │   [0m[1m([0m[32mb'accept'[0m, [32mb'*/*'[0m[1m)[0m,                                          [34m│[0m [31m│[0m [35m│[0m
[35m│[0m [31m│[0m [34m│[0m                    [2;32m│   │   [0m[1m([0m[32mb'accept-encoding'[0m, [32mb'gzip, deflate'[0m[1m)[0m,                       [34m│[0m [31m│[0m [35m│[0m
[35m│[0m [31m│[0m [34m│[0m                    [2;32m│   │   [0m[1m([0m[32mb'connection'[0m, [32mb'keep-alive'[0m[1m)[0m,                               [34m│[0m [31m│[0m [35m│[0m
[35m│[0m [31m│[0m [34m│[0m                    [2;32m│   │   [0m[1m([0m[32mb'user-agent'[0m, [32mb'testclient'[0m[1m)[0m,                               [34m│[0m [31m│[0m [35m│[0m
[35m│[0m [31m│[0m [34m│[0m                    [2;32m│   │   [0m[1m([0m[32mb'content-length'[0m, [32mb'79'[0m[1m)[0m,                                   [34m│[0m [31m│[0m [35m│[0m
[35m│[0m [31m│[0m [34m│[0m                    [2;32m│   │   [0m[1m([0m[32mb'content-type'[0m, [32mb'application/json'[0m[1m)[0m                        [34m│[0m [31m│[0m [35m│[0m
[35m│[0m [31m│[0m [34m│[0m                    [2;32m│   [0m[1m][0m,                                                                [34m│[0m [31m│[0m [35m│[0m
[35m│[0m [31m│[0m [34m│[0m                    [2;32m│   [0m[32m'client'[0m: [1m[[0m[32m'testclient'[0m, [1;36m50000[0m[1m][0m,                                  [34m│[0m [31m│[0m [35m│[0m
[35m│[0m [31m│[0m [34m│[0m                    [2;32m│   [0m[33m...[0m +[1;36m9[0m                                                            [34m│[0m [31m│[0m [35m│[0m
[35m│[0m [31m│[0m [34m│[0m                    [1m}[0m                                                                     [34m│[0m [31m│[0m [35m│[0m
[35m│[0m [31m│[0m [34m│[0m             [3;33mself[0m[31m =[0m [1m<[0m[1;95mstarlette.middleware.errors.ServerErrorMiddleware[0m[39m object at [0m         [34m│[0m [31m│[0m [35m│[0m
[35m│[0m [31m│[0m [34m│[0m                    [1;36m0x70dcd3abd290[0m[1m>[0m                                                       [34m│[0m [31m│[0m [35m│[0m
[35m│[0m [31m│[0m [34m╰──────────────────────────────────────────────────────────────────────────────────────────╯[0m [31m│[0m [35m│[0m
[35m│[0m [31m│[0m                                                                                              [31m│[0m [35m│[0m
[35m│[0m [31m│[0m [2m/install/lib/python3.11/site-packages/prometheus_fastapi_instrumentator/[0m[1mmiddleware.py[0m:174 in [31m│[0m [35m│[0m
[35m│[0m [31m│[0m __call__                                                                                     [31m│[0m [35m│[0m
[35m│[0m [31m│[0m                                                                                              [31m│[0m [35m│[0m
[35m│[0m [31m│[0m   [2m171 [0m[2m│   │   [0m[94mtry[0m:                                                                           [31m│[0m [35m│[0m
[35m│[0m [31m│[0m   [2m172 [0m[2m│   │   │   [0m[94mawait[0m [96mself[0m.app(scope, receive, send_wrapper)                               [31m│[0m [35m│[0m
[35m│[0m [31m│[0m   [2m173 [0m[2m│   │   [0m[94mexcept[0m [96mException[0m [94mas[0m exc:                                                       [31m│[0m [35m│[0m
[35m│[0m [31m│[0m [31m❱ [0m174 [2m│   │   │   [0m[94mraise[0m exc                                                                  [31m│[0m [35m│[0m
[35m│[0m [31m│[0m   [2m175 [0m[2m│   │   [0m[94mfinally[0m:                                                                       [31m│[0m [35m│[0m
[35m│[0m [31m│[0m   [2m176 [0m[2m│   │   │   [0mstatus = (                                                                 [31m│[0m [35m│[0m
[35m│[0m [31m│[0m   [2m177 [0m[2m│   │   │   │   [0m[96mstr[0m(status_code.value)                                                 [31m│[0m [35m│[0m
[35m│[0m [31m│[0m                                                                                              [31m│[0m [35m│[0m
[35m│[0m [31m│[0m [34m╭─[0m[34m────────────────────────────────────────[0m[34m locals [0m[34m────────────────────────────────────────[0m[34m─╮[0m [31m│[0m [35m│[0m
[35m│[0m [31m│[0m [34m│[0m                       [3;33mbody[0m[31m =[0m [32mb''[0m                                                         [34m│[0m [31m│[0m [35m│[0m
[35m│[0m [31m│[0m [34m│[0m                   [3;33mduration[0m[31m =[0m [1;36m0.017922682000062196[0m                                        [34m│[0m [31m│[0m [35m│[0m
[35m│[0m [31m│[0m [34m│[0m [3;33mduration_without_streaming[0m[31m =[0m [1;36m0.0[0m                                                         [34m│[0m [31m│[0m [35m│[0m
[35m│[0m [31m│[0m [34m│[0m                    [3;33mhandler[0m[31m =[0m [32m'/api/v1/cloud-accounts/'[0m                                   [34m│[0m [31m│[0m [35m│[0m
[35m│[0m [31m│[0m [34m│[0m                    [3;33mheaders[0m[31m =[0m [1m[[0m[1m][0m                                                          [34m│[0m [31m│[0m [35m│[0m
[35m│[0m [31m│[0m [34m│[0m                       [3;33minfo[0m[31m =[0m [1m<[0m[1;95mprometheus_fastapi_instrumentator.metrics.Info[0m[39m object at [0m  [34m│[0m [31m│[0m [35m│[0m
[35m│[0m [31m│[0m [34m│[0m                              [1;36m0x70dcd38ed9d0[0m[1m>[0m                                             [34m│[0m [31m│[0m [35m│[0m
[35m│[0m [31m│[0m [34m│[0m                [3;33mis_excluded[0m[31m =[0m [3;91mFalse[0m                                                       [34m│[0m [31m│[0m [35m│[0m
[35m│[0m [31m│[0m [34m│[0m               [3;33mis_templated[0m[31m =[0m [3;92mTrue[0m                                                        [34m│[0m [31m│[0m [35m│[0m
[35m│[0m [31m│[0m [34m│[0m                    [3;33mrequest[0m[31m =[0m [1m<[0m[1;95mstarlette.requests.Request[0m[39m object at [0m[1;36m0x70dcd38ee550[0m[1m>[0m       [34m│[0m [31m│[0m [35m│[0m
[35m│[0m [31m│[0m [34m│[0m                   [3;33mresponse[0m[31m =[0m [1m<[0m[1;95mstarlette.responses.Response[0m[39m object at [0m[1;36m0x70dcd38ecf90[0m[1m>[0m     [34m│[0m [31m│[0m [35m│[0m
[35m│[0m [31m│[0m [34m│[0m        [3;33mresponse_start_time[0m[31m =[0m [3;35mNone[0m                                                        [34m│[0m [31m│[0m [35m│[0m
[35m│[0m [31m│[0m [34m│[0m                      [3;33mscope[0m[31m =[0m [1m{[0m                                                           [34m│[0m [31m│[0m [35m│[0m
[35m│[0m [31m│[0m [34m│[0m                              [2;32m│   [0m[32m'type'[0m: [32m'http'[0m,                                         [34m│[0m [31m│[0m [35m│[0m
[35m│[0m [31m│[0m [34m│[0m                              [2;32m│   [0m[32m'http_version'[0m: [32m'1.1'[0m,                                  [34m│[0m [31m│[0m [35m│[0m
[35m│[0m [31m│[0m [34m│[0m                              [2;32m│   [0m[32m'method'[0m: [32m'POST'[0m,                                       [34m│[0m [31m│[0m [35m│[0m
[35m│[0m [31m│[0m [34m│[0m                              [2;32m│   [0m[32m'path'[0m: [32m'/api/v1/cloud-accounts/'[0m,                      [34m│[0m [31m│[0m [35m│[0m
[35m│[0m [31m│[0m [34m│[0m                              [2;32m│   [0m[32m'raw_path'[0m: [32mb'/api/v1/cloud-accounts/'[0m,                 [34m│[0m [31m│[0m [35m│[0m
[35m│[0m [31m│[0m [34m│[0m                              [2;32m│   [0m[32m'root_path'[0m: [32m''[0m,                                        [34m│[0m [31m│[0m [35m│[0m
[35m│[0m [31m│[0m [34m│[0m                              [2;32m│   [0m[32m'scheme'[0m: [32m'http'[0m,                                       [34m│[0m [31m│[0m [35m│[0m
[35m│[0m [31m│[0m [34m│[0m                              [2;32m│   [0m[32m'query_string'[0m: [32mb''[0m,                                    [34m│[0m [31m│[0m [35m│[0m
[35m│[0m [31m│[0m [34m│[0m                              [2;32m│   [0m[32m'headers'[0m: [1m[[0m                                            [34m│[0m [31m│[0m [35m│[0m
[35m│[0m [31m│[0m [34m│[0m                              [2;32m│   │   [0m[1m([0m[32mb'host'[0m, [32mb'testserver'[0m[1m)[0m,                           [34m│[0m [31m│[0m [35m│[0m
[35m│[0m [31m│[0m [34m│[0m                              [2;32m│   │   [0m[1m([0m[32mb'accept'[0m, [32mb'*/*'[0m[1m)[0m,                                [34m│[0m [31m│[0m [35m│[0m
[35m│[0m [31m│[0m [34m│[0m                              [2;32m│   │   [0m[1m([0m[32mb'accept-encoding'[0m, [32mb'gzip, deflate'[0m[1m)[0m,             [34m│[0m [31m│[0m [35m│[0m
[35m│[0m [31m│[0m [34m│[0m                              [2;32m│   │   [0m[1m([0m[32mb'connection'[0m, [32mb'keep-alive'[0m[1m)[0m,                     [34m│[0m [31m│[0m [35m│[0m
[35m│[0m [31m│[0m [34m│[0m                              [2;32m│   │   [0m[1m([0m[32mb'user-agent'[0m, [32mb'testclient'[0m[1m)[0m,                     [34m│[0m [31m│[0m [35m│[0m
[35m│[0m [31m│[0m [34m│[0m                              [2;32m│   │   [0m[1m([0m[32mb'content-length'[0m, [32mb'79'[0m[1m)[0m,                         [34m│[0m [31m│[0m [35m│[0m
[35m│[0m [31m│[0m [34m│[0m                              [2;32m│   │   [0m[1m([0m[32mb'content-type'[0m, [32mb'application/json'[0m[1m)[0m              [34m│[0m [31m│[0m [35m│[0m
[35m│[0m [31m│[0m [34m│[0m                              [2;32m│   [0m[1m][0m,                                                      [34m│[0m [31m│[0m [35m│[0m
[35m│[0m [31m│[0m [34m│[0m                              [2;32m│   [0m[32m'client'[0m: [1m[[0m[32m'testclient'[0m, [1;36m50000[0m[1m][0m,                        [34m│[0m [31m│[0m [35m│[0m
[35m│[0m [31m│[0m [34m│[0m                              [2;32m│   [0m[33m...[0m +[1;36m9[0m                                                  [34m│[0m [31m│[0m [35m│[0m
[35m│[0m [31m│[0m [34m│[0m                              [1m}[0m                                                           [34m│[0m [31m│[0m [35m│[0m
[35m│[0m [31m│[0m [34m│[0m                       [3;33mself[0m[31m =[0m [1m<[0m[1;95mprometheus_fastapi_instrumentator.middleware.PrometheusIn…[0m [34m│[0m [31m│[0m [35m│[0m
[35m│[0m [31m│[0m [34m│[0m                              [39mobject at [0m[1;36m0x70dcd39d0890[0m[1m>[0m                                   [34m│[0m [31m│[0m [35m│[0m
[35m│[0m [31m│[0m [34m│[0m                 [3;33mstart_time[0m[31m =[0m [1;36m21909.617407414[0m                                             [34m│[0m [31m│[0m [35m│[0m
[35m│[0m [31m│[0m [34m│[0m                     [3;33mstatus[0m[31m =[0m [32m'5xx'[0m                                                       [34m│[0m [31m│[0m [35m│[0m
[35m│[0m [31m│[0m [34m│[0m                [3;33mstatus_code[0m[31m =[0m [1;36m500[0m                                                         [34m│[0m [31m│[0m [35m│[0m
[35m│[0m [31m│[0m [34m╰──────────────────────────────────────────────────────────────────────────────────────────╯[0m [31m│[0m [35m│[0m
[35m│[0m [31m│[0m                                                                                              [31m│[0m [35m│[0m
[35m│[0m [31m│[0m [2m/install/lib/python3.11/site-packages/prometheus_fastapi_instrumentator/[0m[1mmiddleware.py[0m:172 in [31m│[0m [35m│[0m
[35m│[0m [31m│[0m __call__                                                                                     [31m│[0m [35m│[0m
[35m│[0m [31m│[0m                                                                                              [31m│[0m [35m│[0m
[35m│[0m [31m│[0m   [2m169 [0m[2m│   │   │   │   [0m[94mawait[0m send(message)                                                    [31m│[0m [35m│[0m
[35m│[0m [31m│[0m   [2m170 [0m[2m│   │   [0m                                                                               [31m│[0m [35m│[0m
[35m│[0m [31m│[0m   [2m171 [0m[2m│   │   [0m[94mtry[0m:                                                                           [31m│[0m [35m│[0m
[35m│[0m [31m│[0m [31m❱ [0m172 [2m│   │   │   [0m[94mawait[0m [96mself[0m.app(scope, receive, send_wrapper)                               [31m│[0m [35m│[0m
[35m│[0m [31m│[0m   [2m173 [0m[2m│   │   [0m[94mexcept[0m [96mException[0m [94mas[0m exc:                                                       [31m│[0m [35m│[0m
[35m│[0m [31m│[0m   [2m174 [0m[2m│   │   │   [0m[94mraise[0m exc                                                                  [31m│[0m [35m│[0m
[35m│[0m [31m│[0m   [2m175 [0m[2m│   │   [0m[94mfinally[0m:                                                                       [31m│[0m [35m│[0m
[35m│[0m [31m│[0m                                                                                              [31m│[0m [35m│[0m
[35m│[0m [31m│[0m [34m╭─[0m[34m────────────────────────────────────────[0m[34m locals [0m[34m────────────────────────────────────────[0m[34m─╮[0m [31m│[0m [35m│[0m
[35m│[0m [31m│[0m [34m│[0m                       [3;33mbody[0m[31m =[0m [32mb''[0m                                                         [34m│[0m [31m│[0m [35m│[0m
[35m│[0m [31m│[0m [34m│[0m                   [3;33mduration[0m[31m =[0m [1;36m0.017922682000062196[0m                                        [34m│[0m [31m│[0m [35m│[0m
[35m│[0m [31m│[0m [34m│[0m [3;33mduration_without_streaming[0m[31m =[0m [1;36m0.0[0m                                                         [34m│[0m [31m│[0m [35m│[0m
[35m│[0m [31m│[0m [34m│[0m                    [3;33mhandler[0m[31m =[0m [32m'/api/v1/cloud-accounts/'[0m                                   [34m│[0m [31m│[0m [35m│[0m
[35m│[0m [31m│[0m [34m│[0m                    [3;33mheaders[0m[31m =[0m [1m[[0m[1m][0m                                                          [34m│[0m [31m│[0m [35m│[0m
[35m│[0m [31m│[0m [34m│[0m                       [3;33minfo[0m[31m =[0m [1m<[0m[1;95mprometheus_fastapi_instrumentator.metrics.Info[0m[39m object at [0m  [34m│[0m [31m│[0m [35m│[0m
[35m│[0m [31m│[0m [34m│[0m                              [1;36m0x70dcd38ed9d0[0m[1m>[0m                                             [34m│[0m [31m│[0m [35m│[0m
[35m│[0m [31m│[0m [34m│[0m                [3;33mis_excluded[0m[31m =[0m [3;91mFalse[0m                                                       [34m│[0m [31m│[0m [35m│[0m
[35m│[0m [31m│[0m [34m│[0m               [3;33mis_templated[0m[31m =[0m [3;92mTrue[0m                                                        [34m│[0m [31m│[0m [35m│[0m
[35m│[0m [31m│[0m [34m│[0m                    [3;33mrequest[0m[31m =[0m [1m<[0m[1;95mstarlette.requests.Request[0m[39m object at [0m[1;36m0x70dcd38ee550[0m[1m>[0m       [34m│[0m [31m│[0m [35m│[0m
[35m│[0m [31m│[0m [34m│[0m                   [3;33mresponse[0m[31m =[0m [1m<[0m[1;95mstarlette.responses.Response[0m[39m object at [0m[1;36m0x70dcd38ecf90[0m[1m>[0m     [34m│[0m [31m│[0m [35m│[0m
[35m│[0m [31m│[0m [34m│[0m        [3;33mresponse_start_time[0m[31m =[0m [3;35mNone[0m                                                        [34m│[0m [31m│[0m [35m│[0m
[35m│[0m [31m│[0m [34m│[0m                      [3;33mscope[0m[31m =[0m [1m{[0m                                                           [34m│[0m [31m│[0m [35m│[0m
[35m│[0m [31m│[0m [34m│[0m                              [2;32m│   [0m[32m'type'[0m: [32m'http'[0m,                                         [34m│[0m [31m│[0m [35m│[0m
[35m│[0m [31m│[0m [34m│[0m                              [2;32m│   [0m[32m'http_version'[0m: [32m'1.1'[0m,                                  [34m│[0m [31m│[0m [35m│[0m
[35m│[0m [31m│[0m [34m│[0m                              [2;32m│   [0m[32m'method'[0m: [32m'POST'[0m,                                       [34m│[0m [31m│[0m [35m│[0m
[35m│[0m [31m│[0m [34m│[0m                              [2;32m│   [0m[32m'path'[0m: [32m'/api/v1/cloud-accounts/'[0m,                      [34m│[0m [31m│[0m [35m│[0m
[35m│[0m [31m│[0m [34m│[0m                              [2;32m│   [0m[32m'raw_path'[0m: [32mb'/api/v1/cloud-accounts/'[0m,                 [34m│[0m [31m│[0m [35m│[0m
[35m│[0m [31m│[0m [34m│[0m                              [2;32m│   [0m[32m'root_path'[0m: [32m''[0m,                                        [34m│[0m [31m│[0m [35m│[0m
[35m│[0m [31m│[0m [34m│[0m                              [2;32m│   [0m[32m'scheme'[0m: [32m'http'[0m,                                       [34m│[0m [31m│[0m [35m│[0m
[35m│[0m [31m│[0m [34m│[0m                              [2;32m│   [0m[32m'query_string'[0m: [32mb''[0m,                                    [34m│[0m [31m│[0m [35m│[0m
[35m│[0m [31m│[0m [34m│[0m                              [2;32m│   [0m[32m'headers'[0m: [1m[[0m                                            [34m│[0m [31m│[0m [35m│[0m
[35m│[0m [31m│[0m [34m│[0m                              [2;32m│   │   [0m[1m([0m[32mb'host'[0m, [32mb'testserver'[0m[1m)[0m,                           [34m│[0m [31m│[0m [35m│[0m
[35m│[0m [31m│[0m [34m│[0m                              [2;32m│   │   [0m[1m([0m[32mb'accept'[0m, [32mb'*/*'[0m[1m)[0m,                                [34m│[0m [31m│[0m [35m│[0m
[35m│[0m [31m│[0m [34m│[0m                              [2;32m│   │   [0m[1m([0m[32mb'accept-encoding'[0m, [32mb'gzip, deflate'[0m[1m)[0m,             [34m│[0m [31m│[0m [35m│[0m
[35m│[0m [31m│[0m [34m│[0m                              [2;32m│   │   [0m[1m([0m[32mb'connection'[0m, [32mb'keep-alive'[0m[1m)[0m,                     [34m│[0m [31m│[0m [35m│[0m
[35m│[0m [31m│[0m [34m│[0m                              [2;32m│   │   [0m[1m([0m[32mb'user-agent'[0m, [32mb'testclient'[0m[1m)[0m,                     [34m│[0m [31m│[0m [35m│[0m
[35m│[0m [31m│[0m [34m│[0m                              [2;32m│   │   [0m[1m([0m[32mb'content-length'[0m, [32mb'79'[0m[1m)[0m,                         [34m│[0m [31m│[0m [35m│[0m
[35m│[0m [31m│[0m [34m│[0m                              [2;32m│   │   [0m[1m([0m[32mb'content-type'[0m, [32mb'application/json'[0m[1m)[0m              [34m│[0m [31m│[0m [35m│[0m
[35m│[0m [31m│[0m [34m│[0m                              [2;32m│   [0m[1m][0m,                                                      [34m│[0m [31m│[0m [35m│[0m
[35m│[0m [31m│[0m [34m│[0m                              [2;32m│   [0m[32m'client'[0m: [1m[[0m[32m'testclient'[0m, [1;36m50000[0m[1m][0m,                        [34m│[0m [31m│[0m [35m│[0m
[35m│[0m [31m│[0m [34m│[0m                              [2;32m│   [0m[33m...[0m +[1;36m9[0m                                                  [34m│[0m [31m│[0m [35m│[0m
[35m│[0m [31m│[0m [34m│[0m                              [1m}[0m                                                           [34m│[0m [31m│[0m [35m│[0m
[35m│[0m [31m│[0m [34m│[0m                       [3;33mself[0m[31m =[0m [1m<[0m[1;95mprometheus_fastapi_instrumentator.middleware.PrometheusIn…[0m [34m│[0m [31m│[0m [35m│[0m
[35m│[0m [31m│[0m [34m│[0m                              [39mobject at [0m[1;36m0x70dcd39d0890[0m[1m>[0m                                   [34m│[0m [31m│[0m [35m│[0m
[35m│[0m [31m│[0m [34m│[0m                 [3;33mstart_time[0m[31m =[0m [1;36m21909.617407414[0m                                             [34m│[0m [31m│[0m [35m│[0m
[35m│[0m [31m│[0m [34m│[0m                     [3;33mstatus[0m[31m =[0m [32m'5xx'[0m                                                       [34m│[0m [31m│[0m [35m│[0m
[35m│[0m [31m│[0m [34m│[0m                [3;33mstatus_code[0m[31m =[0m [1;36m500[0m                                                         [34m│[0m [31m│[0m [35m│[0m
[35m│[0m [31m│[0m [34m╰──────────────────────────────────────────────────────────────────────────────────────────╯[0m [31m│[0m [35m│[0m
[35m│[0m [31m│[0m                                                                                              [31m│[0m [35m│[0m
[35m│[0m [31m│[0m [2m/install/lib/python3.11/site-packages/starlette/middleware/[0m[1mbase.py[0m:189 in __call__           [31m│[0m [35m│[0m
[35m│[0m [31m│[0m                                                                                              [31m│[0m [35m│[0m
[35m│[0m [31m│[0m   [2m186 [0m[2m│   │   │   [0mresponse.raw_headers = message[[33m"[0m[33mheaders[0m[33m"[0m]                                  [31m│[0m [35m│[0m
[35m│[0m [31m│[0m   [2m187 [0m[2m│   │   │   [0m[94mreturn[0m response                                                            [31m│[0m [35m│[0m
[35m│[0m [31m│[0m   [2m188 [0m[2m│   │   [0m                                                                               [31m│[0m [35m│[0m
[35m│[0m [31m│[0m [31m❱ [0m189 [2m│   │   [0m[1;4;94mwith[0m[1;4m collapse_excgroups():[0m                                                     [31m│[0m [35m│[0m
[35m│[0m [31m│[0m   [2m190 [0m[2m│   │   │   [0m[1;4;94masync[0m[1;4m [0m[1;4;94mwith[0m[1;4m anyio.create_task_group() [0m[1;4;94mas[0m[1;4m task_group:[0m                        [31m│[0m [35m│[0m
[35m│[0m [31m│[0m   [2m191 [0m[2m│   │   │   │   [0m[1;4mresponse = [0m[1;4;94mawait[0m[1;4m [0m[1;4;96mself[0m[1;4m.dispatch_func(request, call_next)[0m                [31m│[0m [35m│[0m
[35m│[0m [31m│[0m   [2m192 [0m[2m│   │   │   │   [0m[1;4;94mawait[0m[1;4m response(scope, wrapped_receive, send)[0m                           [31m│[0m [35m│[0m
[35m│[0m [31m│[0m                                                                                              [31m│[0m [35m│[0m
[35m│[0m [31m│[0m [34m╭─[0m[34m────────────────────────────────────────[0m[34m locals [0m[34m────────────────────────────────────────[0m[34m─╮[0m [31m│[0m [35m│[0m
[35m│[0m [31m│[0m [34m│[0m         [3;33mrequest[0m[31m =[0m [1m<[0m[1;95mstarlette.middleware.base._CachedRequest[0m[39m object at [0m[1;36m0x70dcd38ee590[0m[1m>[0m    [34m│[0m [31m│[0m [35m│[0m
[35m│[0m [31m│[0m [34m│[0m   [3;33mresponse_sent[0m[31m =[0m [1m<[0m[1;95manyio._backends._asyncio.Event[0m[39m object at [0m[1;36m0x70dcd38ee390[0m[1m>[0m              [34m│[0m [31m│[0m [35m│[0m
[35m│[0m [31m│[0m [34m│[0m           [3;33mscope[0m[31m =[0m [1m{[0m                                                                      [34m│[0m [31m│[0m [35m│[0m
[35m│[0m [31m│[0m [34m│[0m                   [2;32m│   [0m[32m'type'[0m: [32m'http'[0m,                                                    [34m│[0m [31m│[0m [35m│[0m
[35m│[0m [31m│[0m [34m│[0m                   [2;32m│   [0m[32m'http_version'[0m: [32m'1.1'[0m,                                             [34m│[0m [31m│[0m [35m│[0m
[35m│[0m [31m│[0m [34m│[0m                   [2;32m│   [0m[32m'method'[0m: [32m'POST'[0m,                                                  [34m│[0m [31m│[0m [35m│[0m
[35m│[0m [31m│[0m [34m│[0m                   [2;32m│   [0m[32m'path'[0m: [32m'/api/v1/cloud-accounts/'[0m,                                 [34m│[0m [31m│[0m [35m│[0m
[35m│[0m [31m│[0m [34m│[0m                   [2;32m│   [0m[32m'raw_path'[0m: [32mb'/api/v1/cloud-accounts/'[0m,                            [34m│[0m [31m│[0m [35m│[0m
[35m│[0m [31m│[0m [34m│[0m                   [2;32m│   [0m[32m'root_path'[0m: [32m''[0m,                                                   [34m│[0m [31m│[0m [35m│[0m
[35m│[0m [31m│[0m [34m│[0m                   [2;32m│   [0m[32m'scheme'[0m: [32m'http'[0m,                                                  [34m│[0m [31m│[0m [35m│[0m
[35m│[0m [31m│[0m [34m│[0m                   [2;32m│   [0m[32m'query_string'[0m: [32mb''[0m,                                               [34m│[0m [31m│[0m [35m│[0m
[35m│[0m [31m│[0m [34m│[0m                   [2;32m│   [0m[32m'headers'[0m: [1m[[0m                                                       [34m│[0m [31m│[0m [35m│[0m
[35m│[0m [31m│[0m [34m│[0m                   [2;32m│   │   [0m[1m([0m[32mb'host'[0m, [32mb'testserver'[0m[1m)[0m,                                      [34m│[0m [31m│[0m [35m│[0m
[35m│[0m [31m│[0m [34m│[0m                   [2;32m│   │   [0m[1m([0m[32mb'accept'[0m, [32mb'*/*'[0m[1m)[0m,                                           [34m│[0m [31m│[0m [35m│[0m
[35m│[0m [31m│[0m [34m│[0m                   [2;32m│   │   [0m[1m([0m[32mb'accept-encoding'[0m, [32mb'gzip, deflate'[0m[1m)[0m,                        [34m│[0m [31m│[0m [35m│[0m
[35m│[0m [31m│[0m [34m│[0m                   [2;32m│   │   [0m[1m([0m[32mb'connection'[0m, [32mb'keep-alive'[0m[1m)[0m,                                [34m│[0m [31m│[0m [35m│[0m
[35m│[0m [31m│[0m [34m│[0m                   [2;32m│   │   [0m[1m([0m[32mb'user-agent'[0m, [32mb'testclient'[0m[1m)[0m,                                [34m│[0m [31m│[0m [35m│[0m
[35m│[0m [31m│[0m [34m│[0m                   [2;32m│   │   [0m[1m([0m[32mb'content-length'[0m, [32mb'79'[0m[1m)[0m,                                    [34m│[0m [31m│[0m [35m│[0m
[35m│[0m [31m│[0m [34m│[0m                   [2;32m│   │   [0m[1m([0m[32mb'content-type'[0m, [32mb'application/json'[0m[1m)[0m                         [34m│[0m [31m│[0m [35m│[0m
[35m│[0m [31m│[0m [34m│[0m                   [2;32m│   [0m[1m][0m,                                                                 [34m│[0m [31m│[0m [35m│[0m
[35m│[0m [31m│[0m [34m│[0m                   [2;32m│   [0m[32m'client'[0m: [1m[[0m[32m'testclient'[0m, [1;36m50000[0m[1m][0m,                                   [34m│[0m [31m│[0m [35m│[0m
[35m│[0m [31m│[0m [34m│[0m                   [2;32m│   [0m[33m...[0m +[1;36m9[0m                                                             [34m│[0m [31m│[0m [35m│[0m
[35m│[0m [31m│[0m [34m│[0m                   [1m}[0m                                                                      [34m│[0m [31m│[0m [35m│[0m
[35m│[0m [31m│[0m [34m│[0m            [3;33mself[0m[31m =[0m [1m<[0m[1;95mstarlette.middleware.base.BaseHTTPMiddleware[0m[39m object at [0m               [34m│[0m [31m│[0m [35m│[0m
[35m│[0m [31m│[0m [34m│[0m                   [1;36m0x70dcd39d0810[0m[1m>[0m                                                        [34m│[0m [31m│[0m [35m│[0m
[35m│[0m [31m│[0m [34m│[0m      [3;33mtask_group[0m[31m =[0m [1m<[0m[1;95manyio._backends._asyncio.TaskGroup[0m[39m object at [0m[1;36m0x70dcd38ee210[0m[1m>[0m          [34m│[0m [31m│[0m [35m│[0m
[35m│[0m [31m│[0m [34m│[0m [3;33mwrapped_receive[0m[31m =[0m [1m<[0m[1;95mbound[0m[39m method _CachedRequest.wrapped_receive of [0m                       [34m│[0m [31m│[0m [35m│[0m
[35m│[0m [31m│[0m [34m│[0m                   [39m<starlette.middleware.base._CachedRequest object at [0m[1;36m0x70dcd38ee590[0m[39m>[0m[1m>[0m   [34m│[0m [31m│[0m [35m│[0m
[35m│[0m [31m│[0m [34m╰──────────────────────────────────────────────────────────────────────────────────────────╯[0m [31m│[0m [35m│[0m
[35m│[0m [31m│[0m                                                                                              [31m│[0m [35m│[0m
[35m│[0m [31m│[0m [2m/usr/local/lib/python3.11/[0m[1mcontextlib.py[0m:158 in __exit__                                      [31m│[0m [35m│[0m
[35m│[0m [31m│[0m                                                                                              [31m│[0m [35m│[0m
[35m│[0m [31m│[0m   [2m155 [0m[2m│   │   │   │   [0m[2m# tell if we get the same exception back[0m                               [31m│[0m [35m│[0m
[35m│[0m [31m│[0m   [2m156 [0m[2m│   │   │   │   [0mvalue = typ()                                                          [31m│[0m [35m│[0m
[35m│[0m [31m│[0m   [2m157 [0m[2m│   │   │   [0m[94mtry[0m:                                                                       [31m│[0m [35m│[0m
[35m│[0m [31m│[0m [31m❱ [0m158 [2m│   │   │   │   [0m[96mself[0m.gen.throw(typ, value, traceback)                                  [31m│[0m [35m│[0m
[35m│[0m [31m│[0m   [2m159 [0m[2m│   │   │   [0m[94mexcept[0m [96mStopIteration[0m [94mas[0m exc:                                               [31m│[0m [35m│[0m
[35m│[0m [31m│[0m   [2m160 [0m[2m│   │   │   │   [0m[2m# Suppress StopIteration *unless* it's the same exception that[0m         [31m│[0m [35m│[0m
[35m│[0m [31m│[0m   [2m161 [0m[2m│   │   │   │   [0m[2m# was passed to throw().  This prevents a StopIteration[0m                [31m│[0m [35m│[0m
[35m│[0m [31m│[0m                                                                                              [31m│[0m [35m│[0m
[35m│[0m [31m│[0m [34m╭─[0m[34m────────────────────────────────────────[0m[34m locals [0m[34m────────────────────────────────────────[0m[34m─╮[0m [31m│[0m [35m│[0m
[35m│[0m [31m│[0m [34m│[0m      [3;33mself[0m[31m =[0m [1m<[0m[1;95mcontextlib._GeneratorContextManager[0m[39m object at [0m[1;36m0x70dcd38ee490[0m[1m>[0m               [34m│[0m [31m│[0m [35m│[0m
[35m│[0m [31m│[0m [34m│[0m [3;33mtraceback[0m[31m =[0m [1m<[0m[1;95mtraceback[0m[39m object at [0m[1;36m0x70dcd39655c0[0m[1m>[0m                                         [34m│[0m [31m│[0m [35m│[0m
[35m│[0m [31m│[0m [34m│[0m     [3;33mvalue[0m[31m =[0m [1;35mExceptionGroup[0m[1m([0m[32m'unhandled errors in a TaskGroup'[0m, [1m[[0m[1;36m1[0m validation error for    [34m│[0m [31m│[0m [35m│[0m
[35m│[0m [31m│[0m [34m│[0m             CloudAccountResponse                                                         [34m│[0m [31m│[0m [35m│[0m
[35m│[0m [31m│[0m [34m│[0m             is_active                                                                    [34m│[0m [31m│[0m [35m│[0m
[35m│[0m [31m│[0m [34m│[0m             [2;32m  [0mInput should be a valid boolean [1m[[0m[33mtype[0m=[35mbool_type[0m, [33minput_value[0m=[3;35mNone[0m,         [34m│[0m [31m│[0m [35m│[0m
[35m│[0m [31m│[0m [34m│[0m             [33minput_type[0m=[35mNoneType[0m[1m][0m                                                         [34m│[0m [31m│[0m [35m│[0m
[35m│[0m [31m│[0m [34m│[0m             [2;32m│   [0mFor further information visit                                            [34m│[0m [31m│[0m [35m│[0m
[35m│[0m [31m│[0m [34m│[0m             [4;94mhttps://errors.pydantic.dev/2.8/v/bool_type[0m[1m][0m[1m)[0m                                [34m│[0m [31m│[0m [35m│[0m
[35m│[0m [31m│[0m [34m╰──────────────────────────────────────────────────────────────────────────────────────────╯[0m [31m│[0m [35m│[0m
[35m│[0m [31m│[0m                                                                                              [31m│[0m [35m│[0m
[35m│[0m [31m│[0m [2m/install/lib/python3.11/site-packages/starlette/[0m[1m_utils.py[0m:93 in collapse_excgroups           [31m│[0m [35m│[0m
[35m│[0m [31m│[0m                                                                                              [31m│[0m [35m│[0m
[35m│[0m [31m│[0m   [2m 90 [0m[2m│   │   │   [0m[94mwhile[0m [96misinstance[0m(exc, BaseExceptionGroup) [95mand[0m [96mlen[0m(exc.exceptions) == [94m1[0m:    [31m│[0m [35m│[0m
[35m│[0m [31m│[0m   [2m 91 [0m[2m│   │   │   │   [0mexc = exc.exceptions[[94m0[0m]  [2m# pragma: no cover[0m                            [31m│[0m [35m│[0m
[35m│[0m [31m│[0m   [2m 92 [0m[2m│   │   [0m                                                                               [31m│[0m [35m│[0m
[35m│[0m [31m│[0m [31m❱ [0m 93 [2m│   │   [0m[1;4;94mraise[0m[1;4m exc[0m                                                                      [31m│[0m [35m│[0m
[35m│[0m [31m│[0m   [2m 94 [0m                                                                                       [31m│[0m [35m│[0m
[35m│[0m [31m│[0m   [2m 95 [0m                                                                                       [31m│[0m [35m│[0m
[35m│[0m [31m│[0m   [2m 96 [0m[94mdef[0m[90m [0m[92mget_route_path[0m(scope: Scope) -> [96mstr[0m:                                               [31m│[0m [35m│[0m
[35m│[0m [31m│[0m                                                                                              [31m│[0m [35m│[0m
[35m│[0m [31m│[0m [2m/install/lib/python3.11/site-packages/starlette/middleware/[0m[1mbase.py[0m:191 in __call__           [31m│[0m [35m│[0m
[35m│[0m [31m│[0m                                                                                              [31m│[0m [35m│[0m
[35m│[0m [31m│[0m   [2m188 [0m[2m│   │   [0m                                                                               [31m│[0m [35m│[0m
[35m│[0m [31m│[0m   [2m189 [0m[2m│   │   [0m[1;4;94mwith[0m[1;4m collapse_excgroups():[0m                                                     [31m│[0m [35m│[0m
[35m│[0m [31m│[0m   [2m190 [0m[2m│   │   │   [0m[1;4;94masync[0m[1;4m [0m[1;4;94mwith[0m[1;4m anyio.create_task_group() [0m[1;4;94mas[0m[1;4m task_group:[0m                        [31m│[0m [35m│[0m
[35m│[0m [31m│[0m [31m❱ [0m191 [2m│   │   │   │   [0m[1;4mresponse = [0m[1;4;94mawait[0m[1;4m [0m[1;4;96mself[0m[1;4m.dispatch_func(request, call_next)[0m                [31m│[0m [35m│[0m
[35m│[0m [31m│[0m   [2m192 [0m[2m│   │   │   │   [0m[1;4;94mawait[0m[1;4m response(scope, wrapped_receive, send)[0m                           [31m│[0m [35m│[0m
[35m│[0m [31m│[0m   [2m193 [0m[2m│   │   │   │   [0m[1;4mresponse_sent.set()[0m                                                    [31m│[0m [35m│[0m
[35m│[0m [31m│[0m   [2m194 [0m                                                                                       [31m│[0m [35m│[0m
[35m│[0m [31m│[0m                                                                                              [31m│[0m [35m│[0m
[35m│[0m [31m│[0m [34m╭─[0m[34m────────────────────────────────────────[0m[34m locals [0m[34m────────────────────────────────────────[0m[34m─╮[0m [31m│[0m [35m│[0m
[35m│[0m [31m│[0m [34m│[0m         [3;33mrequest[0m[31m =[0m [1m<[0m[1;95mstarlette.middleware.base._CachedRequest[0m[39m object at [0m[1;36m0x70dcd38ee590[0m[1m>[0m    [34m│[0m [31m│[0m [35m│[0m
[35m│[0m [31m│[0m [34m│[0m   [3;33mresponse_sent[0m[31m =[0m [1m<[0m[1;95manyio._backends._asyncio.Event[0m[39m object at [0m[1;36m0x70dcd38ee390[0m[1m>[0m              [34m│[0m [31m│[0m [35m│[0m
[35m│[0m [31m│[0m [34m│[0m           [3;33mscope[0m[31m =[0m [1m{[0m                                                                      [34m│[0m [31m│[0m [35m│[0m
[35m│[0m [31m│[0m [34m│[0m                   [2;32m│   [0m[32m'type'[0m: [32m'http'[0m,                                                    [34m│[0m [31m│[0m [35m│[0m
[35m│[0m [31m│[0m [34m│[0m                   [2;32m│   [0m[32m'http_version'[0m: [32m'1.1'[0m,                                             [34m│[0m [31m│[0m [35m│[0m
[35m│[0m [31m│[0m [34m│[0m                   [2;32m│   [0m[32m'method'[0m: [32m'POST'[0m,                                                  [34m│[0m [31m│[0m [35m│[0m
[35m│[0m [31m│[0m [34m│[0m                   [2;32m│   [0m[32m'path'[0m: [32m'/api/v1/cloud-accounts/'[0m,                                 [34m│[0m [31m│[0m [35m│[0m
[35m│[0m [31m│[0m [34m│[0m                   [2;32m│   [0m[32m'raw_path'[0m: [32mb'/api/v1/cloud-accounts/'[0m,                            [34m│[0m [31m│[0m [35m│[0m
[35m│[0m [31m│[0m [34m│[0m                   [2;32m│   [0m[32m'root_path'[0m: [32m''[0m,                                                   [34m│[0m [31m│[0m [35m│[0m
[35m│[0m [31m│[0m [34m│[0m                   [2;32m│   [0m[32m'scheme'[0m: [32m'http'[0m,                                                  [34m│[0m [31m│[0m [35m│[0m
[35m│[0m [31m│[0m [34m│[0m                   [2;32m│   [0m[32m'query_string'[0m: [32mb''[0m,                                               [34m│[0m [31m│[0m [35m│[0m
[35m│[0m [31m│[0m [34m│[0m                   [2;32m│   [0m[32m'headers'[0m: [1m[[0m                                                       [34m│[0m [31m│[0m [35m│[0m
[35m│[0m [31m│[0m [34m│[0m                   [2;32m│   │   [0m[1m([0m[32mb'host'[0m, [32mb'testserver'[0m[1m)[0m,                                      [34m│[0m [31m│[0m [35m│[0m
[35m│[0m [31m│[0m [34m│[0m                   [2;32m│   │   [0m[1m([0m[32mb'accept'[0m, [32mb'*/*'[0m[1m)[0m,                                           [34m│[0m [31m│[0m [35m│[0m
[35m│[0m [31m│[0m [34m│[0m                   [2;32m│   │   [0m[1m([0m[32mb'accept-encoding'[0m, [32mb'gzip, deflate'[0m[1m)[0m,                        [34m│[0m [31m│[0m [35m│[0m
[35m│[0m [31m│[0m [34m│[0m                   [2;32m│   │   [0m[1m([0m[32mb'connection'[0m, [32mb'keep-alive'[0m[1m)[0m,                                [34m│[0m [31m│[0m [35m│[0m
[35m│[0m [31m│[0m [34m│[0m                   [2;32m│   │   [0m[1m([0m[32mb'user-agent'[0m, [32mb'testclient'[0m[1m)[0m,                                [34m│[0m [31m│[0m [35m│[0m
[35m│[0m [31m│[0m [34m│[0m                   [2;32m│   │   [0m[1m([0m[32mb'content-length'[0m, [32mb'79'[0m[1m)[0m,                                    [34m│[0m [31m│[0m [35m│[0m
[35m│[0m [31m│[0m [34m│[0m                   [2;32m│   │   [0m[1m([0m[32mb'content-type'[0m, [32mb'application/json'[0m[1m)[0m                         [34m│[0m [31m│[0m [35m│[0m
[35m│[0m [31m│[0m [34m│[0m                   [2;32m│   [0m[1m][0m,                                                                 [34m│[0m [31m│[0m [35m│[0m
[35m│[0m [31m│[0m [34m│[0m                   [2;32m│   [0m[32m'client'[0m: [1m[[0m[32m'testclient'[0m, [1;36m50000[0m[1m][0m,                                   [34m│[0m [31m│[0m [35m│[0m
[35m│[0m [31m│[0m [34m│[0m                   [2;32m│   [0m[33m...[0m +[1;36m9[0m                                                             [34m│[0m [31m│[0m [35m│[0m
[35m│[0m [31m│[0m [34m│[0m                   [1m}[0m                                                                      [34m│[0m [31m│[0m [35m│[0m
[35m│[0m [31m│[0m [34m│[0m            [3;33mself[0m[31m =[0m [1m<[0m[1;95mstarlette.middleware.base.BaseHTTPMiddleware[0m[39m object at [0m               [34m│[0m [31m│[0m [35m│[0m
[35m│[0m [31m│[0m [34m│[0m                   [1;36m0x70dcd39d0810[0m[1m>[0m                                                        [34m│[0m [31m│[0m [35m│[0m
[35m│[0m [31m│[0m [34m│[0m      [3;33mtask_group[0m[31m =[0m [1m<[0m[1;95manyio._backends._asyncio.TaskGroup[0m[39m object at [0m[1;36m0x70dcd38ee210[0m[1m>[0m          [34m│[0m [31m│[0m [35m│[0m
[35m│[0m [31m│[0m [34m│[0m [3;33mwrapped_receive[0m[31m =[0m [1m<[0m[1;95mbound[0m[39m method _CachedRequest.wrapped_receive of [0m                       [34m│[0m [31m│[0m [35m│[0m
[35m│[0m [31m│[0m [34m│[0m                   [39m<starlette.middleware.base._CachedRequest object at [0m[1;36m0x70dcd38ee590[0m[39m>[0m[1m>[0m   [34m│[0m [31m│[0m [35m│[0m
[35m│[0m [31m│[0m [34m╰──────────────────────────────────────────────────────────────────────────────────────────╯[0m [31m│[0m [35m│[0m
[35m│[0m [31m│[0m                                                                                              [31m│[0m [35m│[0m
[35m│[0m [31m│[0m [2m/app/app/[0m[1mmain.py[0m:94 in request_logging_middleware                                            [31m│[0m [35m│[0m
[35m│[0m [31m│[0m                                                                                              [31m│[0m [35m│[0m
[35m│[0m [31m│[0m   [2m 91 [0m[2m│   │   [0mclient_ip=request.client.host [94mif[0m request.client [94melse[0m [33m"[0m[33munknown[0m[33m"[0m,                [31m│[0m [35m│[0m
[35m│[0m [31m│[0m   [2m 92 [0m[2m│   [0m)                                                                                  [31m│[0m [35m│[0m
[35m│[0m [31m│[0m   [2m 93 [0m[2m│   [0mlog.info([33m"[0m[33mRequest received[0m[33m"[0m)                                                       [31m│[0m [35m│[0m
[35m│[0m [31m│[0m [31m❱ [0m 94 [2m│   [0mresponse = [1;4;94mawait[0m[1;4m call_next(request)[0m                                                [31m│[0m [35m│[0m
[35m│[0m [31m│[0m   [2m 95 [0m[2m│   [0mlog.info([33m"[0m[33mRequest completed[0m[33m"[0m, status_code=response.status_code)                    [31m│[0m [35m│[0m
[35m│[0m [31m│[0m   [2m 96 [0m[2m│   [0m[94mreturn[0m response                                                                    [31m│[0m [35m│[0m
[35m│[0m [31m│[0m   [2m 97 [0m                                                                                       [31m│[0m [35m│[0m
[35m│[0m [31m│[0m                                                                                              [31m│[0m [35m│[0m
[35m│[0m [31m│[0m [34m╭─[0m[34m────────────────────────────────────────[0m[34m locals [0m[34m────────────────────────────────────────[0m[34m─╮[0m [31m│[0m [35m│[0m
[35m│[0m [31m│[0m [34m│[0m        [3;33mlog[0m[31m =[0m [1m<[0m[1;35mBoundLoggerFilteringAtNotset[0m[1;39m([0m[33mcontext[0m[39m=[0m[1;39m{[0m[32m'request_id'[0m[39m: [0m[32m''[0m[39m, [0m[32m'method'[0m[39m: [0m[32m'POST'[0m[39m, [0m [34m│[0m [31m│[0m [35m│[0m
[35m│[0m [31m│[0m [34m│[0m              [32m'path'[0m[39m: [0m[32m'/api/v1/cloud-accounts/'[0m[39m, [0m[32m'client_ip'[0m[39m: [0m[32m'testclient'[0m[1;39m}[0m[39m, [0m             [34m│[0m [31m│[0m [35m│[0m
[35m│[0m [31m│[0m [34m│[0m              [33mprocessors[0m[39m=[0m[1;39m[[0m[39m<function merge_contextvars at [0m[1;36m0x70dd1ba154e0[0m[39m>, <function [0m      [34m│[0m [31m│[0m [35m│[0m
[35m│[0m [31m│[0m [34m│[0m              [39madd_log_level at [0m[1;36m0x70dd1ba176a0[0m[39m>, <structlog.processors.StackInfoRenderer [0m  [34m│[0m [31m│[0m [35m│[0m
[35m│[0m [31m│[0m [34m│[0m              [39mobject at [0m[1;36m0x70dd1baa5780[0m[39m>, <function set_exc_info at [0m[1;36m0x70dd1bae0a40[0m[39m>, [0m      [34m│[0m [31m│[0m [35m│[0m
[35m│[0m [31m│[0m [34m│[0m              [39m<structlog.processors.TimeStamper object at [0m[1;36m0x70dd1bad41c0[0m[39m>, [0m               [34m│[0m [31m│[0m [35m│[0m
[35m│[0m [31m│[0m [34m│[0m              [39m<structlog.dev.ConsoleRenderer object at [0m[1;36m0x70dd1bad42d0[0m[39m>[0m[1;39m][0m[1;39m)[0m[1m>[0m                 [34m│[0m [31m│[0m [35m│[0m
[35m│[0m [31m│[0m [34m│[0m    [3;33mrequest[0m[31m =[0m [1m<[0m[1;95mstarlette.middleware.base._CachedRequest[0m[39m object at [0m[1;36m0x70dcd38ee590[0m[1m>[0m         [34m│[0m [31m│[0m [35m│[0m
[35m│[0m [31m│[0m [34m│[0m [3;33mrequest_id[0m[31m =[0m [32m''[0m                                                                          [34m│[0m [31m│[0m [35m│[0m
[35m│[0m [31m│[0m [34m╰──────────────────────────────────────────────────────────────────────────────────────────╯[0m [31m│[0m [35m│[0m
[35m│[0m [31m│[0m                                                                                              [31m│[0m [35m│[0m
[35m│[0m [31m│[0m [2m/install/lib/python3.11/site-packages/starlette/middleware/[0m[1mbase.py[0m:165 in call_next          [31m│[0m [35m│[0m
[35m│[0m [31m│[0m                                                                                              [31m│[0m [35m│[0m
[35m│[0m [31m│[0m   [2m162 [0m[2m│   │   │   │   │   [0mmessage = [94mawait[0m recv_stream.receive()                              [31m│[0m [35m│[0m
[35m│[0m [31m│[0m   [2m163 [0m[2m│   │   │   [0m[94mexcept[0m anyio.EndOfStream:                                                  [31m│[0m [35m│[0m
[35m│[0m [31m│[0m   [2m164 [0m[2m│   │   │   │   [0m[94mif[0m app_exc [95mis[0m [95mnot[0m [94mNone[0m:                                                [31m│[0m [35m│[0m
[35m│[0m [31m│[0m [31m❱ [0m165 [2m│   │   │   │   │   [0m[1;4;94mraise[0m[1;4m app_exc[0m                                                      [31m│[0m [35m│[0m
[35m│[0m [31m│[0m   [2m166 [0m[2m│   │   │   │   [0m[94mraise[0m [96mRuntimeError[0m([33m"[0m[33mNo response returned.[0m[33m"[0m)                            [31m│[0m [35m│[0m
[35m│[0m [31m│[0m   [2m167 [0m[2m│   │   │   [0m                                                                           [31m│[0m [35m│[0m
[35m│[0m [31m│[0m   [2m168 [0m[2m│   │   │   [0m[94massert[0m message[[33m"[0m[33mtype[0m[33m"[0m] == [33m"[0m[33mhttp.response.start[0m[33m"[0m                            [31m│[0m [35m│[0m
[35m│[0m [31m│[0m                                                                                              [31m│[0m [35m│[0m
[35m│[0m [31m│[0m [34m╭─[0m[34m────────────────────────────────────────[0m[34m locals [0m[34m────────────────────────────────────────[0m[34m─╮[0m [31m│[0m [35m│[0m
[35m│[0m [31m│[0m [34m│[0m         [3;33mapp_exc[0m[31m =[0m [1;36m1[0m validation error for CloudAccountResponse                            [34m│[0m [31m│[0m [35m│[0m
[35m│[0m [31m│[0m [34m│[0m                   is_active                                                              [34m│[0m [31m│[0m [35m│[0m
[35m│[0m [31m│[0m [34m│[0m                   [2;32m  [0mInput should be a valid boolean [1m[[0m[33mtype[0m=[35mbool_type[0m, [33minput_value[0m=[3;35mNone[0m,   [34m│[0m [31m│[0m [35m│[0m
[35m│[0m [31m│[0m [34m│[0m                   [33minput_type[0m=[35mNoneType[0m[1m][0m                                                   [34m│[0m [31m│[0m [35m│[0m
[35m│[0m [31m│[0m [34m│[0m                   [2;32m│   [0mFor further information visit                                      [34m│[0m [31m│[0m [35m│[0m
[35m│[0m [31m│[0m [34m│[0m                   [4;94mhttps://errors.pydantic.dev/2.8/v/bool_type[0m                            [34m│[0m [31m│[0m [35m│[0m
[35m│[0m [31m│[0m [34m│[0m     [3;33mrecv_stream[0m[31m =[0m [1;35mMemoryObjectReceiveStream[0m[1m([0m                                             [34m│[0m [31m│[0m [35m│[0m
[35m│[0m [31m│[0m [34m│[0m                   [2;32m│   [0m[33m_state[0m=[1;35m_MemoryObjectStreamState[0m[1m([0m                                   [34m│[0m [31m│[0m [35m│[0m
[35m│[0m [31m│[0m [34m│[0m                   [2;32m│   │   [0m[33mmax_buffer_size[0m=[1;36m0[0m,                                             [34m│[0m [31m│[0m [35m│[0m
[35m│[0m [31m│[0m [34m│[0m                   [2;32m│   │   [0m[33mbuffer[0m=[1;35mdeque[0m[1m([0m[1m)[0m,                                                [34m│[0m [31m│[0m [35m│[0m
[35m│[0m [31m│[0m [34m│[0m                   [2;32m│   │   [0m[33mopen_send_channels[0m=[1;36m0[0m,                                          [34m│[0m [31m│[0m [35m│[0m
[35m│[0m [31m│[0m [34m│[0m                   [2;32m│   │   [0m[33mopen_receive_channels[0m=[1;36m1[0m,                                       [34m│[0m [31m│[0m [35m│[0m
[35m│[0m [31m│[0m [34m│[0m                   [2;32m│   │   [0m[33mwaiting_receivers[0m=[1;35mOrderedDict[0m[1m([0m[1m)[0m,                               [34m│[0m [31m│[0m [35m│[0m
[35m│[0m [31m│[0m [34m│[0m                   [2;32m│   │   [0m[33mwaiting_senders[0m=[1;35mOrderedDict[0m[1m([0m[1m)[0m                                  [34m│[0m [31m│[0m [35m│[0m
[35m│[0m [31m│[0m [34m│[0m                   [2;32m│   [0m[1m)[0m,                                                                 [34m│[0m [31m│[0m [35m│[0m
[35m│[0m [31m│[0m [34m│[0m                   [2;32m│   [0m[33m_closed[0m=[3;91mFalse[0m                                                      [34m│[0m [31m│[0m [35m│[0m
[35m│[0m [31m│[0m [34m│[0m                   [1m)[0m                                                                      [34m│[0m [31m│[0m [35m│[0m
[35m│[0m [31m│[0m [34m│[0m         [3;33mrequest[0m[31m =[0m [1m<[0m[1;95mstarlette.middleware.base._CachedRequest[0m[39m object at [0m[1;36m0x70dcd38ee590[0m[1m>[0m    [34m│[0m [31m│[0m [35m│[0m
[35m│[0m [31m│[0m [34m│[0m   [3;33mresponse_sent[0m[31m =[0m [1m<[0m[1;95manyio._backends._asyncio.Event[0m[39m object at [0m[1;36m0x70dcd38ee390[0m[1m>[0m              [34m│[0m [31m│[0m [35m│[0m
[35m│[0m [31m│[0m [34m│[0m           [3;33mscope[0m[31m =[0m [1m{[0m                                                                      [34m│[0m [31m│[0m [35m│[0m
[35m│[0m [31m│[0m [34m│[0m                   [2;32m│   [0m[32m'type'[0m: [32m'http'[0m,                                                    [34m│[0m [31m│[0m [35m│[0m
[35m│[0m [31m│[0m [34m│[0m                   [2;32m│   [0m[32m'http_version'[0m: [32m'1.1'[0m,                                             [34m│[0m [31m│[0m [35m│[0m
[35m│[0m [31m│[0m [34m│[0m                   [2;32m│   [0m[32m'method'[0m: [32m'POST'[0m,                                                  [34m│[0m [31m│[0m [35m│[0m
[35m│[0m [31m│[0m [34m│[0m                   [2;32m│   [0m[32m'path'[0m: [32m'/api/v1/cloud-accounts/'[0m,                                 [34m│[0m [31m│[0m [35m│[0m
[35m│[0m [31m│[0m [34m│[0m                   [2;32m│   [0m[32m'raw_path'[0m: [32mb'/api/v1/cloud-accounts/'[0m,                            [34m│[0m [31m│[0m [35m│[0m
[35m│[0m [31m│[0m [34m│[0m                   [2;32m│   [0m[32m'root_path'[0m: [32m''[0m,                                                   [34m│[0m [31m│[0m [35m│[0m
[35m│[0m [31m│[0m [34m│[0m                   [2;32m│   [0m[32m'scheme'[0m: [32m'http'[0m,                                                  [34m│[0m [31m│[0m [35m│[0m
[35m│[0m [31m│[0m [34m│[0m                   [2;32m│   [0m[32m'query_string'[0m: [32mb''[0m,                                               [34m│[0m [31m│[0m [35m│[0m
[35m│[0m [31m│[0m [34m│[0m                   [2;32m│   [0m[32m'headers'[0m: [1m[[0m                                                       [34m│[0m [31m│[0m [35m│[0m
[35m│[0m [31m│[0m [34m│[0m                   [2;32m│   │   [0m[1m([0m[32mb'host'[0m, [32mb'testserver'[0m[1m)[0m,                                      [34m│[0m [31m│[0m [35m│[0m
[35m│[0m [31m│[0m [34m│[0m                   [2;32m│   │   [0m[1m([0m[32mb'accept'[0m, [32mb'*/*'[0m[1m)[0m,                                           [34m│[0m [31m│[0m [35m│[0m
[35m│[0m [31m│[0m [34m│[0m                   [2;32m│   │   [0m[1m([0m[32mb'accept-encoding'[0m, [32mb'gzip, deflate'[0m[1m)[0m,                        [34m│[0m [31m│[0m [35m│[0m
[35m│[0m [31m│[0m [34m│[0m                   [2;32m│   │   [0m[1m([0m[32mb'connection'[0m, [32mb'keep-alive'[0m[1m)[0m,                                [34m│[0m [31m│[0m [35m│[0m
[35m│[0m [31m│[0m [34m│[0m                   [2;32m│   │   [0m[1m([0m[32mb'user-agent'[0m, [32mb'testclient'[0m[1m)[0m,                                [34m│[0m [31m│[0m [35m│[0m
[35m│[0m [31m│[0m [34m│[0m                   [2;32m│   │   [0m[1m([0m[32mb'content-length'[0m, [32mb'79'[0m[1m)[0m,                                    [34m│[0m [31m│[0m [35m│[0m
[35m│[0m [31m│[0m [34m│[0m                   [2;32m│   │   [0m[1m([0m[32mb'content-type'[0m, [32mb'application/json'[0m[1m)[0m                         [34m│[0m [31m│[0m [35m│[0m
[35m│[0m [31m│[0m [34m│[0m                   [2;32m│   [0m[1m][0m,                                                                 [34m│[0m [31m│[0m [35m│[0m
[35m│[0m [31m│[0m [34m│[0m                   [2;32m│   [0m[32m'client'[0m: [1m[[0m[32m'testclient'[0m, [1;36m50000[0m[1m][0m,                                   [34m│[0m [31m│[0m [35m│[0m
[35m│[0m [31m│[0m [34m│[0m                   [2;32m│   [0m[33m...[0m +[1;36m9[0m                                                             [34m│[0m [31m│[0m [35m│[0m
[35m│[0m [31m│[0m [34m│[0m                   [1m}[0m                                                                      [34m│[0m [31m│[0m [35m│[0m
[35m│[0m [31m│[0m [34m│[0m            [3;33mself[0m[31m =[0m [1m<[0m[1;95mstarlette.middleware.base.BaseHTTPMiddleware[0m[39m object at [0m               [34m│[0m [31m│[0m [35m│[0m
[35m│[0m [31m│[0m [34m│[0m                   [1;36m0x70dcd39d0810[0m[1m>[0m                                                        [34m│[0m [31m│[0m [35m│[0m
[35m│[0m [31m│[0m [34m│[0m     [3;33msend_stream[0m[31m =[0m [1;35mMemoryObjectSendStream[0m[1m([0m                                                [34m│[0m [31m│[0m [35m│[0m
[35m│[0m [31m│[0m [34m│[0m                   [2;32m│   [0m[33m_state[0m=[1;35m_MemoryObjectStreamState[0m[1m([0m                                   [34m│[0m [31m│[0m [35m│[0m
[35m│[0m [31m│[0m [34m│[0m                   [2;32m│   │   [0m[33mmax_buffer_size[0m=[1;36m0[0m,                                             [34m│[0m [31m│[0m [35m│[0m
[35m│[0m [31m│[0m [34m│[0m                   [2;32m│   │   [0m[33mbuffer[0m=[1;35mdeque[0m[1m([0m[1m)[0m,                                                [34m│[0m [31m│[0m [35m│[0m
[35m│[0m [31m│[0m [34m│[0m                   [2;32m│   │   [0m[33mopen_send_channels[0m=[1;36m0[0m,                                          [34m│[0m [31m│[0m [35m│[0m
[35m│[0m [31m│[0m [34m│[0m                   [2;32m│   │   [0m[33mopen_receive_channels[0m=[1;36m1[0m,                                       [34m│[0m [31m│[0m [35m│[0m
[35m│[0m [31m│[0m [34m│[0m                   [2;32m│   │   [0m[33mwaiting_receivers[0m=[1;35mOrderedDict[0m[1m([0m[1m)[0m,                               [34m│[0m [31m│[0m [35m│[0m
[35m│[0m [31m│[0m [34m│[0m                   [2;32m│   │   [0m[33mwaiting_senders[0m=[1;35mOrderedDict[0m[1m([0m[1m)[0m                                  [34m│[0m [31m│[0m [35m│[0m
[35m│[0m [31m│[0m [34m│[0m                   [2;32m│   [0m[1m)[0m,                                                                 [34m│[0m [31m│[0m [35m│[0m
[35m│[0m [31m│[0m [34m│[0m                   [2;32m│   [0m[33m_closed[0m=[3;92mTrue[0m                                                       [34m│[0m [31m│[0m [35m│[0m
[35m│[0m [31m│[0m [34m│[0m                   [1m)[0m                                                                      [34m│[0m [31m│[0m [35m│[0m
[35m│[0m [31m│[0m [34m│[0m      [3;33mtask_group[0m[31m =[0m [1m<[0m[1;95manyio._backends._asyncio.TaskGroup[0m[39m object at [0m[1;36m0x70dcd38ee210[0m[1m>[0m          [34m│[0m [31m│[0m [35m│[0m
[35m│[0m [31m│[0m [34m│[0m [3;33mwrapped_receive[0m[31m =[0m [1m<[0m[1;95mbound[0m[39m method _CachedRequest.wrapped_receive of [0m                       [34m│[0m [31m│[0m [35m│[0m
[35m│[0m [31m│[0m [34m│[0m                   [39m<starlette.middleware.base._CachedRequest object at [0m[1;36m0x70dcd38ee590[0m[39m>[0m[1m>[0m   [34m│[0m [31m│[0m [35m│[0m
[35m│[0m [31m│[0m [34m╰──────────────────────────────────────────────────────────────────────────────────────────╯[0m [31m│[0m [35m│[0m
[35m│[0m [31m│[0m                                                                                              [31m│[0m [35m│[0m
[35m│[0m [31m│[0m [2m/install/lib/python3.11/site-packages/starlette/middleware/[0m[1mbase.py[0m:151 in coro               [31m│[0m [35m│[0m
[35m│[0m [31m│[0m                                                                                              [31m│[0m [35m│[0m
[35m│[0m [31m│[0m   [2m148 [0m[2m│   │   │   │   [0m                                                                       [31m│[0m [35m│[0m
[35m│[0m [31m│[0m   [2m149 [0m[2m│   │   │   │   [0m[1;4;94masync[0m[1;4m [0m[1;4;94mwith[0m[1;4m send_stream:[0m                                                [31m│[0m [35m│[0m
[35m│[0m [31m│[0m   [2m150 [0m[2m│   │   │   │   │   [0m[1;4;94mtry[0m[1;4m:[0m                                                               [31m│[0m [35m│[0m
[35m│[0m [31m│[0m [31m❱ [0m151 [2m│   │   │   │   │   │   [0m[1;4;94mawait[0m[1;4m [0m[1;4;96mself[0m[1;4m.app(scope, receive_or_disconnect, send_no_error)[0m    [31m│[0m [35m│[0m
[35m│[0m [31m│[0m   [2m152 [0m[2m│   │   │   │   │   [0m[1;4;94mexcept[0m[1;4m [0m[1;4;96mException[0m[1;4m [0m[1;4;94mas[0m[1;4m exc:[0m                                           [31m│[0m [35m│[0m
[35m│[0m [31m│[0m   [2m153 [0m[2m│   │   │   │   │   │   [0m[1;4mapp_exc = exc[0m                                                  [31m│[0m [35m│[0m
[35m│[0m [31m│[0m   [2m154 [0m                                                                                       [31m│[0m [35m│[0m
[35m│[0m [31m│[0m                                                                                              [31m│[0m [35m│[0m
[35m│[0m [31m│[0m [34m╭─[0m[34m────────────────────────────────────────[0m[34m locals [0m[34m────────────────────────────────────────[0m[34m─╮[0m [31m│[0m [35m│[0m
[35m│[0m [31m│[0m [34m│[0m     [3;33mapp_exc[0m[31m =[0m [1;36m1[0m validation error for CloudAccountResponse                                [34m│[0m [31m│[0m [35m│[0m
[35m│[0m [31m│[0m [34m│[0m               is_active                                                                  [34m│[0m [31m│[0m [35m│[0m
[35m│[0m [31m│[0m [34m│[0m               [2;32m  [0mInput should be a valid boolean [1m[[0m[33mtype[0m=[35mbool_type[0m, [33minput_value[0m=[3;35mNone[0m,       [34m│[0m [31m│[0m [35m│[0m
[35m│[0m [31m│[0m [34m│[0m               [33minput_type[0m=[35mNoneType[0m[1m][0m                                                       [34m│[0m [31m│[0m [35m│[0m
[...]
[31m│[0m [34m│[0m                                   [2;32m│   │   [0m[33mname[0m=[32m'Prod'[0m,                                       [34m│[0m [31m│[0m
[31m│[0m [34m│[0m                                   [2;32m│   │   [0m[33mprovider[0m=[32m'aws'[0m,                                    [34m│[0m [31m│[0m
[31m│[0m [34m│[0m                                   [2;32m│   │   [0m[33maccount_id[0m=[32m'123'[0m,                                  [34m│[0m [31m│[0m
[31m│[0m [34m│[0m                                   [2;32m│   │   [0m[33mregion[0m=[32m'us-east-1'[0m                                 [34m│[0m [31m│[0m
[31m│[0m [34m│[0m                                   [2;32m│   [0m[1m)[0m                                                      [34m│[0m [31m│[0m
[31m│[0m [34m│[0m                                   [1m}[0m                                                          [34m│[0m [31m│[0m
[31m│[0m [34m╰──────────────────────────────────────────────────────────────────────────────────────────────╯[0m [31m│[0m
[31m│[0m                                                                                                  [31m│[0m
[31m│[0m [2m/install/lib/python3.11/site-packages/fastapi/[0m[1mrouting.py[0m:191 in run_endpoint_function            [31m│[0m
[31m│[0m                                                                                                  [31m│[0m
[31m│[0m   [2m 188 [0m[2m│   [0m[94massert[0m dependant.call [95mis[0m [95mnot[0m [94mNone[0m, [33m"[0m[33mdependant.call must be a function[0m[33m"[0m                [31m│[0m
[31m│[0m   [2m 189 [0m[2m│   [0m                                                                                      [31m│[0m
[31m│[0m   [2m 190 [0m[2m│   [0m[94mif[0m is_coroutine:                                                                      [31m│[0m
[31m│[0m [31m❱ [0m 191 [2m│   │   [0m[94mreturn[0m [1;4;94mawait[0m[1;4m dependant.call(**values)[0m                                             [31m│[0m
[31m│[0m   [2m 192 [0m[2m│   [0m[94melse[0m:                                                                                 [31m│[0m
[31m│[0m   [2m 193 [0m[2m│   │   [0m[94mreturn[0m [94mawait[0m run_in_threadpool(dependant.call, **values)                          [31m│[0m
[31m│[0m   [2m 194 [0m                                                                                          [31m│[0m
[31m│[0m                                                                                                  [31m│[0m
[31m│[0m [34m╭─[0m[34m─────────────────────────────────────[0m[34m locals [0m[34m──────────────────────────────────────[0m[34m─╮[0m          [31m│[0m
[31m│[0m [34m│[0m    [3;33mdependant[0m[31m =[0m [1m<[0m[1;95mfastapi.dependencies.models.Dependant[0m[39m object at [0m[1;36m0x70dd19e58ad0[0m[1m>[0m     [34m│[0m          [31m│[0m
[31m│[0m [34m│[0m [3;33mis_coroutine[0m[31m =[0m [3;92mTrue[0m                                                                 [34m│[0m          [31m│[0m
[31m│[0m [34m│[0m       [3;33mvalues[0m[31m =[0m [1m{[0m                                                                    [34m│[0m          [31m│[0m
[31m│[0m [34m│[0m                [2;32m│   [0m[32m'current_user'[0m: [1m<[0m[1;95mapp.models.user.User[0m[39m object at [0m[1;36m0x70dcd38ee090[0m[39m>,[0m [34m│[0m          [31m│[0m
[31m│[0m [34m│[0m                [2;32m│   [0m[32m'db'[0m[39m: <AsyncMock [0m[33mspec[0m[39m=[0m[32m'AsyncSession'[0m[39m [0m[33mid[0m[39m=[0m[32m'124093744471632'[0m[1m>[0m,      [34m│[0m          [31m│[0m
[31m│[0m [34m│[0m                [2;32m│   [0m[32m'body'[0m: [1;35mCloudAccountCreate[0m[1m([0m                                      [34m│[0m          [31m│[0m
[31m│[0m [34m│[0m                [2;32m│   │   [0m[33mname[0m=[32m'Prod'[0m,                                                 [34m│[0m          [31m│[0m
[31m│[0m [34m│[0m                [2;32m│   │   [0m[33mprovider[0m=[32m'aws'[0m,                                              [34m│[0m          [31m│[0m
[31m│[0m [34m│[0m                [2;32m│   │   [0m[33maccount_id[0m=[32m'123'[0m,                                            [34m│[0m          [31m│[0m
[31m│[0m [34m│[0m                [2;32m│   │   [0m[33mregion[0m=[32m'us-east-1'[0m                                           [34m│[0m          [31m│[0m
[31m│[0m [34m│[0m                [2;32m│   [0m[1m)[0m                                                                [34m│[0m          [31m│[0m
[31m│[0m [34m│[0m                [1m}[0m                                                                    [34m│[0m          [31m│[0m
[31m│[0m [34m╰─────────────────────────────────────────────────────────────────────────────────────╯[0m          [31m│[0m
[31m│[0m                                                                                                  [31m│[0m
[31m│[0m [2m/app/app/api/[0m[1mcloud_accounts.py[0m:38 in create_cloud_account                                        [31m│[0m
[31m│[0m                                                                                                  [31m│[0m
[31m│[0m   [2m35 [0m[2m│   [0mdb.add(account)                                                                         [31m│[0m
[31m│[0m   [2m36 [0m[2m│   [0m[94mawait[0m db.flush()                                                                        [31m│[0m
[31m│[0m   [2m37 [0m[2m│   [0mlogger.info([33m"[0m[33mCloud account registered[0m[33m"[0m, account_id=account.id, provider=body.provide    [31m│[0m
[31m│[0m [31m❱ [0m38 [2m│   [0m[94mreturn[0m [1;4mCloudAccountResponse.model_validate(account)[0m                                     [31m│[0m
[31m│[0m   [2m39 [0m                                                                                            [31m│[0m
[31m│[0m   [2m40 [0m                                                                                            [31m│[0m
[31m│[0m   [2m41 [0m[1;95m@router[0m.get([33m"[0m[33m/[0m[33m"[0m, response_model=[96mlist[0m[CloudAccountResponse])                                 [31m│[0m
[31m│[0m                                                                                                  [31m│[0m
[31m│[0m [34m╭─[0m[34m──────────────────────────────────[0m[34m locals [0m[34m──────────────────────────────────[0m[34m─╮[0m                 [31m│[0m
[31m│[0m [34m│[0m      [3;33maccount[0m[31m =[0m [1m<[0m[1;95mapp.models.compliance.CloudAccount[0m[39m object at [0m[1;36m0x70dcd38ec5d0[0m[1m>[0m [34m│[0m                 [31m│[0m
[31m│[0m [34m│[0m         [3;33mbody[0m[31m =[0m [1;35mCloudAccountCreate[0m[1m([0m                                           [34m│[0m                 [31m│[0m
[31m│[0m [34m│[0m                [2;32m│   [0m[33mname[0m=[32m'Prod'[0m,                                              [34m│[0m                 [31m│[0m
[31m│[0m [34m│[0m                [2;32m│   [0m[33mprovider[0m=[32m'aws'[0m,                                           [34m│[0m                 [31m│[0m
[31m│[0m [34m│[0m                [2;32m│   [0m[33maccount_id[0m=[32m'123'[0m,                                         [34m│[0m                 [31m│[0m
[31m│[0m [34m│[0m                [2;32m│   [0m[33mregion[0m=[32m'us-east-1'[0m                                        [34m│[0m                 [31m│[0m
[31m│[0m [34m│[0m                [1m)[0m                                                             [34m│[0m                 [31m│[0m
[31m│[0m [34m│[0m [3;33mcurrent_user[0m[31m =[0m [1m<[0m[1;95mapp.models.user.User[0m[39m object at [0m[1;36m0x70dcd38ee090[0m[1m>[0m               [34m│[0m                 [31m│[0m
[31m│[0m [34m│[0m           [3;33mdb[0m[31m =[0m [1m<[0m[1;95mAsyncMock[0m[39m [0m[33mspec[0m[39m=[0m[32m'AsyncSession'[0m[39m [0m[33mid[0m[39m=[0m[32m'124093744471632'[0m[1m>[0m          [34m│[0m                 [31m│[0m
[31m│[0m [34m╰──────────────────────────────────────────────────────────────────────────────╯[0m                 [31m│[0m
[31m│[0m                                                                                                  [31m│[0m
[31m│[0m [2m/install/lib/python3.11/site-packages/pydantic/[0m[1mmain.py[0m:568 in model_validate                     [31m│[0m
[31m│[0m                                                                                                  [31m│[0m
[31m│[0m   [2m 565 [0m[2;33m│   │   [0m[33m"""[0m                                                                               [31m│[0m
[31m│[0m   [2m 566 [0m[2m│   │   [0m[2m# `__tracebackhide__` tells pytest and some other tools to omit this function fr[0m  [31m│[0m
[31m│[0m   [2m 567 [0m[2m│   │   [0m__tracebackhide__ = [94mTrue[0m                                                          [31m│[0m
[31m│[0m [31m❱ [0m 568 [2m│   │   [0m[94mreturn[0m [1;4;96mcls[0m[1;4m.__pydantic_validator__.validate_python([0m                                [31m│[0m
[31m│[0m   [2m 569 [0m[2m│   │   │   [0m[1;4mobj, strict=strict, from_attributes=from_attributes, context=context[0m          [31m│[0m
[31m│[0m   [2m 570 [0m[2m│   │   [0m[1;4m)[0m                                                                                 [31m│[0m
[31m│[0m   [2m 571 [0m                                                                                          [31m│[0m
[31m│[0m                                                                                                  [31m│[0m
[31m│[0m [34m╭─[0m[34m───────────────────────────────────[0m[34m locals [0m[34m────────────────────────────────────[0m[34m─╮[0m              [31m│[0m
[31m│[0m [34m│[0m         [3;33mcontext[0m[31m =[0m [3;35mNone[0m                                                          [34m│[0m              [31m│[0m
[31m│[0m [34m│[0m [3;33mfrom_attributes[0m[31m =[0m [3;35mNone[0m                                                          [34m│[0m              [31m│[0m
[31m│[0m [34m│[0m             [3;33mobj[0m[31m =[0m [1m<[0m[1;95mapp.models.compliance.CloudAccount[0m[39m object at [0m[1;36m0x70dcd38ec5d0[0m[1m>[0m [34m│[0m              [31m│[0m
[31m│[0m [34m│[0m          [3;33mstrict[0m[31m =[0m [3;35mNone[0m                                                          [34m│[0m              [31m│[0m
[31m│[0m [34m╰─────────────────────────────────────────────────────────────────────────────────╯[0m              [31m│[0m
[31m╰──────────────────────────────────────────────────────────────────────────────────────────────────╯[0m
[1;91mValidationError: [0m[1;36m1[0m validation error for CloudAccountResponse
is_active
  Input should be a valid boolean [1m[[0m[33mtype[0m=[35mbool_type[0m, [33minput_value[0m=[3;35mNone[0m, [33minput_type[0m=[35mNoneType[0m[1m][0m
    For further information visit [4;94mhttps://errors.pydantic.dev/2.8/v/bool_type[0m

_____________________________ test_generate_report _____________________________

    def test_generate_report():
        response = client.post("/api/v1/reports/generate", json={"scan_id": 1, "format": "html"})
>       assert response.status_code == 200
E       assert 404 == 200
E        +  where 404 = <Response [404 Not Found]>.status_code

tests/unit/test_api.py:83: AssertionError
----------------------------- Captured stdout call -----------------------------
2026-03-18 07:26:53 [info     ] Request received               client_ip=testclient method=POST path=/api/v1/reports/generate request_id=
2026-03-18 07:26:53 [info     ] Request completed              client_ip=testclient method=POST path=/api/v1/reports/generate request_id= status_code=404
_____________________________ test_download_report _____________________________

    def test_download_report():
        response = client.get("/api/v1/reports/123/download?scan_id=1")
>       assert response.status_code == 200
E       assert 404 == 200
E        +  where 404 = <Response [404 Not Found]>.status_code

tests/unit/test_api.py:87: AssertionError
----------------------------- Captured stdout call -----------------------------
2026-03-18 07:26:53 [info     ] Request received               client_ip=testclient method=GET path=/api/v1/reports/123/download request_id=
2026-03-18 07:26:53 [info     ] Request completed              client_ip=testclient method=GET path=/api/v1/reports/123/download request_id= status_code=404
______________________________ test_trigger_scan _______________________________

    def test_trigger_scan():
        response = client.post("/api/v1/scans/trigger", json={"account_id": 1, "framework": "pci_dss"})
>       assert response.status_code == 202
E       assert 404 == 202
E        +  where 404 = <Response [404 Not Found]>.status_code

tests/unit/test_api.py:95: AssertionError
----------------------------- Captured stdout call -----------------------------
2026-03-18 07:26:53 [info     ] Request received               client_ip=testclient method=POST path=/api/v1/scans/trigger request_id=
2026-03-18 07:26:53 [info     ] Request completed              client_ip=testclient method=POST path=/api/v1/scans/trigger request_id= status_code=404
=============================== warnings summary ===============================
../install/lib/python3.11/site-packages/passlib/utils/__init__.py:854
  /install/lib/python3.11/site-packages/passlib/utils/__init__.py:854: DeprecationWarning: 'crypt' is deprecated and slated for removal in Python 3.13
    from crypt import crypt as _crypt

tests/unit/test_connectors.py::test_aws_connector_collect_evidence
tests/unit/test_connectors.py::test_azure_connector_collect_evidence
tests/unit/test_connectors.py::test_gcp_connector_collect_evidence
  /install/lib/python3.11/site-packages/_pytest/python.py:148: PytestUnhandledCoroutineWarning: async def functions are not natively supported and have been skipped.
  You need to install a suitable plugin for your async framework, for example:
    - anyio
    - pytest-asyncio
    - pytest-tornasync
    - pytest-trio
    - pytest-twisted
    warnings.warn(PytestUnhandledCoroutineWarning(msg.format(nodeid)))

tests/unit/test_core.py::test_scan_orchestrator_run_scan
tests/unit/test_core.py::test_scan_orchestrator_dry_run
  /app/app/core/scanner.py:77: RuntimeWarning: coroutine 'AsyncMockMixin._execute_mock_call' was never awaited
    self.db.add(scan)
  Enable tracemalloc to get traceback where the object was allocated.
  See https://docs.pytest.org/en/stable/how-to/capture-warnings.html#resource-warnings for more info.

tests/unit/test_core.py::test_scan_orchestrator_run_scan
  /app/app/core/scanner.py:112: RuntimeWarning: coroutine 'AsyncMockMixin._execute_mock_call' was never awaited
    self.db.add(check)
  Enable tracemalloc to get traceback where the object was allocated.
  See https://docs.pytest.org/en/stable/how-to/capture-warnings.html#resource-warnings for more info.

tests/unit/test_crypto.py::TestCrypto::test_sign_and_verify
  /usr/local/lib/python3.11/unittest/mock.py:2178: RuntimeWarning: coroutine '_async_scheduled_scan' was never awaited
    def __init__(self, name, parent):
  Enable tracemalloc to get traceback where the object was allocated.
  See https://docs.pytest.org/en/stable/how-to/capture-warnings.html#resource-warnings for more info.

tests/unit/test_models.py::TestUserModel::test_create
  /app/app/models/user.py:55: RuntimeWarning: coroutine 'AsyncMockMixin._execute_mock_call' was never awaited
    db.add(user)
  Enable tracemalloc to get traceback where the object was allocated.
  See https://docs.pytest.org/en/stable/how-to/capture-warnings.html#resource-warnings for more info.

-- Docs: https://docs.pytest.org/en/stable/how-to/capture-warnings.html

---------- coverage: platform linux, python 3.11.15-final-0 ----------
Name                                Stmts   Miss  Cover   Missing
-----------------------------------------------------------------
app/__init__.py                         0      0   100%
app/api/__init__.py                     0      0   100%
app/api/alerts.py                      44     25    43%   46-68, 76-90
app/api/cloud_accounts.py              31      2    94%   67-68
app/api/compliance.py                  37      3    92%   85, 87, 89
app/api/reports.py                     39      8    79%   104-109, 136-145
app/api/scans.py                       38     10    74%   38-46, 64, 78-87
app/auth/__init__.py                    0      0   100%
app/auth/dependencies.py               35     20    43%   27-51, 58-63
app/auth/jwt.py                        27     13    52%   22, 27, 32-42, 51-59, 71
app/auth/router.py                     49     29    41%   33-49, 62-70, 79-95, 105
app/config.py                          66      1    98%   100
app/connectors/__init__.py              0      0   100%
app/connectors/aws_connector.py       126    102    19%   28, 33-50, 57, 61-77, 81-83, 87-100, 103-130, 134-161, 165-185, 189-209, 213-233
app/connectors/azure_connector.py      79     62    22%   23-24, 28-29, 37-51, 54, 57-76, 79-97, 101-120, 124-143
app/connectors/base.py                 17      5    71%   20-23, 51
app/connectors/gcp_connector.py        81     65    20%   23-24, 27-41, 44, 47-66, 69-90, 93-115, 118-138
app/core/__init__.py                    0      0   100%
app/core/cac_engine.py                 60     29    52%   51-58, 66-97, 127, 129, 131, 133, 141
app/core/celery_app.py                  6      6     0%   6-20
app/core/evidence.py                   52     34    35%   30-31, 35-43, 46-51, 65-105, 112-125
app/core/ingestion.py                  69     31    55%   36, 60-61, 68-87, 106-112, 116-123, 131-132, 136-137, 140-141
app/core/policy_loader.py              52      5    90%   48-49, 68, 86-87
app/core/remediation.py                56     56     0%   8-159
app/core/scanner.py                    83     19    77%   83-85, 120, 153-155, 159-173
app/main.py                            67      6    91%   31-36
app/ml/__init__.py                      0      0   100%
app/ml/anomaly_detector.py             79     17    78%   42-49, 63-64, 69, 86-89, 93, 126, 136
app/models/__init__.py                  0      0   100%
app/models/compliance.py               75      0   100%
app/models/database.py                 24      0   100%
app/models/user.py                     32      0   100%
app/schemas/__init__.py                 0      0   100%
app/schemas/auth.py                    32      1    97%   24
app/schemas/compliance.py              75      0   100%
app/utils/__init__.py                   0      0   100%
app/utils/crypto.py                    27      1    96%   58
app/utils/logger.py                    17      0   100%
-----------------------------------------------------------------
TOTAL                                1475    550    63%

FAIL Required test coverage of 80% not reached. Total coverage: 62.71%
=========================== short test summary info ============================
FAILED tests/unit/test_api.py::test_create_cloud_account - assert 500 == 201
FAILED tests/unit/test_api.py::test_generate_report - assert 404 == 200
FAILED tests/unit/test_api.py::test_download_report - assert 404 == 200
FAILED tests/unit/test_api.py::test_trigger_scan - assert 404 == 202
============= 4 failed, 59 passed, 3 skipped, 9 warnings in 13.86s =============
